#
# A fatal error has been detected by the Java Runtime Environment:
#
#  SIGSEGV (0xb) at pc=0x00007ff2508e7392, pid=341, tid=491
#
# JRE version: OpenJDK Runtime Environment (11.0.20.1+1) (build 11.0.20.1+1-post-Ubuntu-0ubuntu120.04)
# Java VM: OpenJDK 64-Bit Server VM (11.0.20.1+1-post-Ubuntu-0ubuntu120.04, mixed mode, sharing, tiered, compressed oops, g1 gc, linux-amd64)
# Problematic frame:
# v  ~RuntimeStub::slow_subtype_check Runtime1 stub
#
# No core dump will be written. Core dumps have been disabled. To enable core dumping, try "ulimit -c unlimited" before starting Java again
#
# If you would like to submit a bug report, please visit:
#   https://bugs.launchpad.net/ubuntu/+source/openjdk-lts
#

---------------  S U M M A R Y ------------

Command Line: -Dfile.encoding=utf8 /home/james/.vscode-server/extensions/vscjava.vscode-gradle-3.13.0/lib/gradle-language-server.jar

Host: 11th Gen Intel(R) Core(TM) i5-11400 @ 2.60GHz, 12 cores, 15G, Ubuntu 20.04.5 LTS
Time: Sat Oct 21 23:51:39 2023 AWST elapsed time: 12.386218 seconds (0d 0h 0m 12s)

---------------  T H R E A D  ---------------

Current thread (0x00007ff2684b8000):  JavaThread "pool-1-thread-1" [_thread_in_Java, id=491, stack(0x00007ff23cc10000,0x00007ff23cd11000)]

Stack: [0x00007ff23cc10000,0x00007ff23cd11000],  sp=0x00007ff23cd0f098,  free space=1020k
Native frames: (J=compiled Java code, A=aot compiled Java code, j=interpreted, Vv=VM code, C=native code)
v  ~RuntimeStub::slow_subtype_check Runtime1 stub

[error occurred during error reporting (printing native stack), id 0xb, SIGSEGV (0xb) at pc=0x00007ff26fa5f7b9]


siginfo: si_signo: 11 (SIGSEGV), si_code: 1 (SEGV_MAPERR), si_addr: 0x000000e2ff410000

Register to memory mapping:

RAX=0x0000000840079d98 is a pointer to class: 
com.google.gson.TypeAdapterFactory {0x0000000840079d98}
 - instance size:     2
 - klass size:        64
 - access:            public interface abstract 
 - state:             linked
 - name:              'com/google/gson/TypeAdapterFactory'
 - super:             'java/lang/Object'
 - sub:               
 - nof implementors:  2
 - arrays:            NULL
 - methods:           Array<T>(0x00007ff23dc85dd8)
 - method ordering:   Array<T>(0x0000000800a2b238)
 - default_methods:   Array<T>(0x0000000000000000)
 - local interfaces:  Array<T>(0x0000000800525ab8)
 - trans. interfaces: Array<T>(0x0000000800525ab8)
 - constants:         constant pool [11] {0x00007ff23dc85d10} for 'com/google/gson/TypeAdapterFactory' cache=0x00007ff23dc96380
 - class loader data:  loader data: 0x00007ff26826a360 for instance a 'jdk/internal/loader/ClassLoaders$AppClassLoader'{0x000000071691b090}
 - host class:        NULL
 - source file:       'TypeAdapterFactory.java'
 - class annotations:       Array<T>(0x0000000000000000)
 - class type annotations:  Array<T>(0x0000000000000000)
 - field annotations:       Array<T>(0x0000000000000000)
 - field type annotations:  Array<T>(0x0000000000000000)
 - inner classes:     Array<T>(0x0000000800526088)
 - nest members:     Array<T>(0x0000000800526088)
 - java mirror:       
[error occurred during error reporting (printing register info), id 0xb, SIGSEGV (0xb) at pc=0x00007ff26fef7d7f]

Registers:
RAX=0x0000000840079d98, RBX=0x0000000000000905, RCX=0x0000000800000000, RDX=0x00000007158c96c4
RSP=0x00007ff23cd0f098, RBP=0x00007ff23cd0f258, RSI=0x0000000800000000, RDI=0x000000e2ff410000
R8 =0x00000007158c96d0, R9 =0x000000000000002a, R10=0x00007ff26ee93000, R11=0x00000000e2ba7729
R12=0x0000000000000000, R13=0x00007ff250f404b4, R14=0x00007ff23cd0f0c8, R15=0x00007ff2684b8000
RIP=0x00007ff2508e7392, EFLAGS=0x0000000000010293, CSGSFS=0x002b000000000033, ERR=0x0000000000000004
  TRAPNO=0x000000000000000e

Top of Stack: (sp=0x00007ff23cd0f098)
0x00007ff23cd0f098:   000000071629ab70 0000000800000000
0x00007ff23cd0f0a8:   00000007158c96b8 0000000840079d98
0x00007ff23cd0f0b8:   00007ff250f405db 0000000840079d98
0x00007ff23cd0f0c8:   0000000800000000 00007ff23cd0f148 

Instructions: (pc=0x00007ff2508e7392)
0x00007ff2508e7292:   00 00 00 00 00 00 00 00 00 00 00 00 00 00 00 00
0x00007ff2508e72a2:   00 00 00 00 00 00 00 00 00 00 00 00 00 00 00 00
0x00007ff2508e72b2:   00 00 00 00 00 00 00 00 00 00 00 00 00 00 00 00
0x00007ff2508e72c2:   00 00 00 00 00 00 00 00 00 00 00 00 00 00 00 00
0x00007ff2508e72d2:   00 00 00 00 00 00 00 00 00 00 00 00 00 00 00 00
0x00007ff2508e72e2:   00 00 00 00 00 00 00 00 00 00 00 00 00 00 00 00
0x00007ff2508e72f2:   00 00 00 00 00 00 00 00 00 00 00 00 00 00 06 00
0x00007ff2508e7302:   00 00 00 00 00 00 01 00 00 00 00 00 00 00 58 d7
0x00007ff2508e7312:   49 70 f2 7f 00 00 00 00 00 00 c0 00 00 00 68 00
0x00007ff2508e7322:   00 00 ff ff ff ff c0 00 00 00 ff ff ff ff 80 73
0x00007ff2508e7332:   8e 50 f2 7f 00 00 d0 73 8e 50 f2 7f 00 00 80 73
0x00007ff2508e7342:   8e 50 f2 7f 00 00 d0 73 8e 50 f2 7f 00 00 78 73
0x00007ff2508e7352:   8e 50 f2 7f 00 00 78 73 8e 50 f2 7f 00 00 00 00
0x00007ff2508e7362:   00 00 00 00 00 00 00 00 00 00 00 00 00 00 20 6e
0x00007ff2508e7372:   25 70 f2 7f 00 00 00 00 00 00 00 00 00 00 57 56
0x00007ff2508e7382:   51 50 48 8b 74 24 30 48 8b 44 24 28 48 8b 7e 28
0x00007ff2508e7392:   8b 0f 48 83 c7 08 48 85 c0 f2 48 af 0f 85 12 00
0x00007ff2508e73a2:   00 00 48 89 46 20 48 c7 44 24 30 01 00 00 00 58
0x00007ff2508e73b2:   59 5e 5f c3 49 ba 00 00 00 00 00 00 00 00 4c 89
0x00007ff2508e73c2:   54 24 30 58 59 5e 5f c3 66 0f 1f 44 00 00 00 00
0x00007ff2508e73d2:   00 00 00 00 00 00 00 00 00 00 00 00 00 00 00 00
0x00007ff2508e73e2:   00 00 00 00 00 00 00 00 00 00 00 00 00 00 00 00
0x00007ff2508e73f2:   00 00 00 00 00 00 00 00 00 00 00 00 00 00 00 00
0x00007ff2508e7402:   00 00 00 00 00 00 00 00 00 00 00 00 00 00 00 00
0x00007ff2508e7412:   00 00 00 00 00 00 00 00 00 00 00 00 00 00 00 00
0x00007ff2508e7422:   00 00 00 00 00 00 00 00 00 00 00 00 00 00 00 00
0x00007ff2508e7432:   00 00 00 00 00 00 00 00 00 00 00 00 00 00 00 00
0x00007ff2508e7442:   00 00 00 00 00 00 00 00 00 00 00 00 00 00 00 00
0x00007ff2508e7452:   00 00 00 00 00 00 00 00 00 00 00 00 00 00 00 00
0x00007ff2508e7462:   00 00 00 00 00 00 00 00 00 00 00 00 00 00 00 00
0x00007ff2508e7472:   00 00 00 00 00 00 00 00 00 00 00 00 00 00 00 00
0x00007ff2508e7482:   00 00 00 00 00 00 00 00 00 00 00 00 00 00 00 00 


Stack slot to memory mapping:
stack at sp + 0 slots: 0x000000071629ab70 points into unknown readable memory: 0x0000000000000000 | 00 00 00 00 00 00 00 00
stack at sp + 1 slots: 0x0000000800000000 is pointing into metadata
stack at sp + 2 slots: 0x00000007158c96b8 points into unknown readable memory: 0x0000000000000005 | 05 00 00 00 00 00 00 00
stack at sp + 3 slots: 0x0000000840079d98 is a pointer to class: 
com.google.gson.TypeAdapterFactory {0x0000000840079d98}
 - instance size:     2
 - klass size:        64
 - access:            public interface abstract 
 - state:             linked
 - name:              'com/google/gson/TypeAdapterFactory'
 - super:             'java/lang/Object'
 - sub:               
 - nof implementors:  2
 - arrays:            NULL
 - methods:           Array<T>(0x00007ff23dc85dd8)
 - method ordering:   Array<T>(0x0000000800a2b238)
 - default_methods:   Array<T>(0x0000000000000000)
 - local interfaces:  Array<T>(0x0000000800525ab8)
 - trans. interfaces: Array<T>(0x0000000800525ab8)
 - constants:         constant pool [11] {0x00007ff23dc85d10} for 'com/google/gson/TypeAdapterFactory' cache=0x00007ff23dc96380
 - class loader data:  loader data: 0x00007ff26826a360 for instance a 'jdk/internal/loader/ClassLoaders$AppClassLoader'{0x000000071691b090}
 - host class:        NULL
 - source file:       'TypeAdapterFactory.java'
 - class annotations:       Array<T>(0x0000000000000000)
 - class type annotations:  Array<T>(0x0000000000000000)
 - field annotations:       Array<T>(0x0000000000000000)
 - field type annotations:  Array<T>(0x0000000000000000)
 - inner classes:     Array<T>(0x0000000800526088)
 - nest members:     Array<T>(0x0000000800526088)
 - java mirror:       
[error occurred during error reporting (inspecting top of stack), id 0xb, SIGSEGV (0xb) at pc=0x00007ff26fef7d7f]



---------------  P R O C E S S  ---------------

Threads class SMR info:
_java_thread_list=0x00007ff20802e440, length=10, elements={
0x00007ff26823f000, 0x00007ff268241000, 0x00007ff268249800, 0x00007ff26824b800,
0x00007ff26824d800, 0x00007ff26824f800, 0x00007ff268251800, 0x00007ff268294800,
0x00007ff2684b8000, 0x00007ff268016000
}

Java Threads: ( => current thread )
  0x00007ff26823f000 JavaThread "Reference Handler" daemon [_thread_blocked, id=349, stack(0x00007ff25000b000,0x00007ff25010c000)]
  0x00007ff268241000 JavaThread "Finalizer" daemon [_thread_blocked, id=350, stack(0x00007ff24427f000,0x00007ff244380000)]
  0x00007ff268249800 JavaThread "Signal Dispatcher" daemon [_thread_blocked, id=351, stack(0x00007ff23d419000,0x00007ff23d51a000)]
  0x00007ff26824b800 JavaThread "Service Thread" daemon [_thread_blocked, id=352, stack(0x00007ff23d318000,0x00007ff23d419000)]
  0x00007ff26824d800 JavaThread "C2 CompilerThread0" daemon [_thread_blocked, id=353, stack(0x00007ff23d217000,0x00007ff23d318000)]
  0x00007ff26824f800 JavaThread "C1 CompilerThread0" daemon [_thread_blocked, id=354, stack(0x00007ff23d116000,0x00007ff23d217000)]
  0x00007ff268251800 JavaThread "Sweeper thread" daemon [_thread_blocked, id=355, stack(0x00007ff23d015000,0x00007ff23d116000)]
  0x00007ff268294800 JavaThread "Common-Cleaner" daemon [_thread_blocked, id=358, stack(0x00007ff23ce12000,0x00007ff23cf13000)]
=>0x00007ff2684b8000 JavaThread "pool-1-thread-1" [_thread_in_Java, id=491, stack(0x00007ff23cc10000,0x00007ff23cd11000)]
  0x00007ff268016000 JavaThread "DestroyJavaVM" [_thread_blocked, id=342, stack(0x00007ff26eed5000,0x00007ff26efd6000)]

Other Threads:
  0x00007ff26823c000 VMThread "VM Thread" [stack: 0x00007ff25010e000,0x00007ff25020e000] [id=348]
  0x00007ff268292800 WatcherThread [stack: 0x00007ff23cf15000,0x00007ff23d015000] [id=357]
  0x00007ff26802e000 GCTaskThread "GC Thread#0" [stack: 0x00007ff26eb89000,0x00007ff26ec89000] [id=343]
  0x00007ff26808c800 ConcurrentGCThread "G1 Main Marker" [stack: 0x00007ff26c824000,0x00007ff26c924000] [id=344]
  0x00007ff26808e800 ConcurrentGCThread "G1 Conc#0" [stack: 0x00007ff26c722000,0x00007ff26c822000] [id=345]
  0x00007ff268196800 ConcurrentGCThread "G1 Refine#0" [stack: 0x00007ff2503ee000,0x00007ff2504ee000] [id=346]
  0x00007ff268198800 ConcurrentGCThread "G1 Young RemSet Sampling" [stack: 0x00007ff2502ec000,0x00007ff2503ec000] [id=347]

Threads with active compile tasks:

VM state:not at safepoint (normal execution)

VM Mutex/Monitor currently owned by a thread: None

Heap address: 0x0000000707000000, size: 3984 MB, Compressed Oops mode: Zero based, Oop shift amount: 3
Narrow klass base: 0x0000000800000000, Narrow klass shift: 3
Compressed class space size: 1073741824 Address: 0x0000000840000000

Heap:
 garbage-first heap   total 258048K, used 18128K [0x0000000707000000, 0x0000000800000000)
  region size 1024K, 18 young (18432K), 0 survivors (0K)
 Metaspace       used 6811K, capacity 7364K, committed 7552K, reserved 1056768K
  class space    used 772K, capacity 829K, committed 896K, reserved 1048576K
Heap Regions: E=young(eden), S=young(survivor), O=old, HS=humongous(starts), HC=humongous(continues), CS=collection set, F=free, A=archive, TAMS=top-at-mark-start (previous, next)
|   0|0x0000000707000000, 0x0000000707100000, 0x0000000707100000|100%|HS|  |TAMS 0x0000000707000000, 0x0000000707000000| Complete 
|   1|0x0000000707100000, 0x0000000707100000, 0x0000000707200000|  0%| F|  |TAMS 0x0000000707100000, 0x0000000707100000| Untracked 
|   2|0x0000000707200000, 0x0000000707200000, 0x0000000707300000|  0%| F|  |TAMS 0x0000000707200000, 0x0000000707200000| Untracked 
|   3|0x0000000707300000, 0x0000000707300000, 0x0000000707400000|  0%| F|  |TAMS 0x0000000707300000, 0x0000000707300000| Untracked 
|   4|0x0000000707400000, 0x0000000707400000, 0x0000000707500000|  0%| F|  |TAMS 0x0000000707400000, 0x0000000707400000| Untracked 
|   5|0x0000000707500000, 0x0000000707500000, 0x0000000707600000|  0%| F|  |TAMS 0x0000000707500000, 0x0000000707500000| Untracked 
|   6|0x0000000707600000, 0x0000000707600000, 0x0000000707700000|  0%| F|  |TAMS 0x0000000707600000, 0x0000000707600000| Untracked 
|   7|0x0000000707700000, 0x0000000707700000, 0x0000000707800000|  0%| F|  |TAMS 0x0000000707700000, 0x0000000707700000| Untracked 
|   8|0x0000000707800000, 0x0000000707800000, 0x0000000707900000|  0%| F|  |TAMS 0x0000000707800000, 0x0000000707800000| Untracked 
|   9|0x0000000707900000, 0x0000000707900000, 0x0000000707a00000|  0%| F|  |TAMS 0x0000000707900000, 0x0000000707900000| Untracked 
|  10|0x0000000707a00000, 0x0000000707a00000, 0x0000000707b00000|  0%| F|  |TAMS 0x0000000707a00000, 0x0000000707a00000| Untracked 
|  11|0x0000000707b00000, 0x0000000707b00000, 0x0000000707c00000|  0%| F|  |TAMS 0x0000000707b00000, 0x0000000707b00000| Untracked 
|  12|0x0000000707c00000, 0x0000000707c00000, 0x0000000707d00000|  0%| F|  |TAMS 0x0000000707c00000, 0x0000000707c00000| Untracked 
|  13|0x0000000707d00000, 0x0000000707d00000, 0x0000000707e00000|  0%| F|  |TAMS 0x0000000707d00000, 0x0000000707d00000| Untracked 
|  14|0x0000000707e00000, 0x0000000707e00000, 0x0000000707f00000|  0%| F|  |TAMS 0x0000000707e00000, 0x0000000707e00000| Untracked 
|  15|0x0000000707f00000, 0x0000000707f00000, 0x0000000708000000|  0%| F|  |TAMS 0x0000000707f00000, 0x0000000707f00000| Untracked 
|  16|0x0000000708000000, 0x0000000708000000, 0x0000000708100000|  0%| F|  |TAMS 0x0000000708000000, 0x0000000708000000| Untracked 
|  17|0x0000000708100000, 0x0000000708100000, 0x0000000708200000|  0%| F|  |TAMS 0x0000000708100000, 0x0000000708100000| Untracked 
|  18|0x0000000708200000, 0x0000000708200000, 0x0000000708300000|  0%| F|  |TAMS 0x0000000708200000, 0x0000000708200000| Untracked 
|  19|0x0000000708300000, 0x0000000708300000, 0x0000000708400000|  0%| F|  |TAMS 0x0000000708300000, 0x0000000708300000| Untracked 
|  20|0x0000000708400000, 0x0000000708400000, 0x0000000708500000|  0%| F|  |TAMS 0x0000000708400000, 0x0000000708400000| Untracked 
|  21|0x0000000708500000, 0x0000000708500000, 0x0000000708600000|  0%| F|  |TAMS 0x0000000708500000, 0x0000000708500000| Untracked 
|  22|0x0000000708600000, 0x0000000708600000, 0x0000000708700000|  0%| F|  |TAMS 0x0000000708600000, 0x0000000708600000| Untracked 
|  23|0x0000000708700000, 0x0000000708700000, 0x0000000708800000|  0%| F|  |TAMS 0x0000000708700000, 0x0000000708700000| Untracked 
|  24|0x0000000708800000, 0x0000000708800000, 0x0000000708900000|  0%| F|  |TAMS 0x0000000708800000, 0x0000000708800000| Untracked 
|  25|0x0000000708900000, 0x0000000708900000, 0x0000000708a00000|  0%| F|  |TAMS 0x0000000708900000, 0x0000000708900000| Untracked 
|  26|0x0000000708a00000, 0x0000000708a00000, 0x0000000708b00000|  0%| F|  |TAMS 0x0000000708a00000, 0x0000000708a00000| Untracked 
|  27|0x0000000708b00000, 0x0000000708b00000, 0x0000000708c00000|  0%| F|  |TAMS 0x0000000708b00000, 0x0000000708b00000| Untracked 
|  28|0x0000000708c00000, 0x0000000708c00000, 0x0000000708d00000|  0%| F|  |TAMS 0x0000000708c00000, 0x0000000708c00000| Untracked 
|  29|0x0000000708d00000, 0x0000000708d00000, 0x0000000708e00000|  0%| F|  |TAMS 0x0000000708d00000, 0x0000000708d00000| Untracked 
|  30|0x0000000708e00000, 0x0000000708e00000, 0x0000000708f00000|  0%| F|  |TAMS 0x0000000708e00000, 0x0000000708e00000| Untracked 
|  31|0x0000000708f00000, 0x0000000708f00000, 0x0000000709000000|  0%| F|  |TAMS 0x0000000708f00000, 0x0000000708f00000| Untracked 
|  32|0x0000000709000000, 0x0000000709000000, 0x0000000709100000|  0%| F|  |TAMS 0x0000000709000000, 0x0000000709000000| Untracked 
|  33|0x0000000709100000, 0x0000000709100000, 0x0000000709200000|  0%| F|  |TAMS 0x0000000709100000, 0x0000000709100000| Untracked 
|  34|0x0000000709200000, 0x0000000709200000, 0x0000000709300000|  0%| F|  |TAMS 0x0000000709200000, 0x0000000709200000| Untracked 
|  35|0x0000000709300000, 0x0000000709300000, 0x0000000709400000|  0%| F|  |TAMS 0x0000000709300000, 0x0000000709300000| Untracked 
|  36|0x0000000709400000, 0x0000000709400000, 0x0000000709500000|  0%| F|  |TAMS 0x0000000709400000, 0x0000000709400000| Untracked 
|  37|0x0000000709500000, 0x0000000709500000, 0x0000000709600000|  0%| F|  |TAMS 0x0000000709500000, 0x0000000709500000| Untracked 
|  38|0x0000000709600000, 0x0000000709600000, 0x0000000709700000|  0%| F|  |TAMS 0x0000000709600000, 0x0000000709600000| Untracked 
|  39|0x0000000709700000, 0x0000000709700000, 0x0000000709800000|  0%| F|  |TAMS 0x0000000709700000, 0x0000000709700000| Untracked 
|  40|0x0000000709800000, 0x0000000709800000, 0x0000000709900000|  0%| F|  |TAMS 0x0000000709800000, 0x0000000709800000| Untracked 
|  41|0x0000000709900000, 0x0000000709900000, 0x0000000709a00000|  0%| F|  |TAMS 0x0000000709900000, 0x0000000709900000| Untracked 
|  42|0x0000000709a00000, 0x0000000709a00000, 0x0000000709b00000|  0%| F|  |TAMS 0x0000000709a00000, 0x0000000709a00000| Untracked 
|  43|0x0000000709b00000, 0x0000000709b00000, 0x0000000709c00000|  0%| F|  |TAMS 0x0000000709b00000, 0x0000000709b00000| Untracked 
|  44|0x0000000709c00000, 0x0000000709c00000, 0x0000000709d00000|  0%| F|  |TAMS 0x0000000709c00000, 0x0000000709c00000| Untracked 
|  45|0x0000000709d00000, 0x0000000709d00000, 0x0000000709e00000|  0%| F|  |TAMS 0x0000000709d00000, 0x0000000709d00000| Untracked 
|  46|0x0000000709e00000, 0x0000000709e00000, 0x0000000709f00000|  0%| F|  |TAMS 0x0000000709e00000, 0x0000000709e00000| Untracked 
|  47|0x0000000709f00000, 0x0000000709f00000, 0x000000070a000000|  0%| F|  |TAMS 0x0000000709f00000, 0x0000000709f00000| Untracked 
|  48|0x000000070a000000, 0x000000070a000000, 0x000000070a100000|  0%| F|  |TAMS 0x000000070a000000, 0x000000070a000000| Untracked 
|  49|0x000000070a100000, 0x000000070a100000, 0x000000070a200000|  0%| F|  |TAMS 0x000000070a100000, 0x000000070a100000| Untracked 
|  50|0x000000070a200000, 0x000000070a200000, 0x000000070a300000|  0%| F|  |TAMS 0x000000070a200000, 0x000000070a200000| Untracked 
|  51|0x000000070a300000, 0x000000070a300000, 0x000000070a400000|  0%| F|  |TAMS 0x000000070a300000, 0x000000070a300000| Untracked 
|  52|0x000000070a400000, 0x000000070a400000, 0x000000070a500000|  0%| F|  |TAMS 0x000000070a400000, 0x000000070a400000| Untracked 
|  53|0x000000070a500000, 0x000000070a500000, 0x000000070a600000|  0%| F|  |TAMS 0x000000070a500000, 0x000000070a500000| Untracked 
|  54|0x000000070a600000, 0x000000070a600000, 0x000000070a700000|  0%| F|  |TAMS 0x000000070a600000, 0x000000070a600000| Untracked 
|  55|0x000000070a700000, 0x000000070a700000, 0x000000070a800000|  0%| F|  |TAMS 0x000000070a700000, 0x000000070a700000| Untracked 
|  56|0x000000070a800000, 0x000000070a800000, 0x000000070a900000|  0%| F|  |TAMS 0x000000070a800000, 0x000000070a800000| Untracked 
|  57|0x000000070a900000, 0x000000070a900000, 0x000000070aa00000|  0%| F|  |TAMS 0x000000070a900000, 0x000000070a900000| Untracked 
|  58|0x000000070aa00000, 0x000000070aa00000, 0x000000070ab00000|  0%| F|  |TAMS 0x000000070aa00000, 0x000000070aa00000| Untracked 
|  59|0x000000070ab00000, 0x000000070ab00000, 0x000000070ac00000|  0%| F|  |TAMS 0x000000070ab00000, 0x000000070ab00000| Untracked 
|  60|0x000000070ac00000, 0x000000070ac00000, 0x000000070ad00000|  0%| F|  |TAMS 0x000000070ac00000, 0x000000070ac00000| Untracked 
|  61|0x000000070ad00000, 0x000000070ad00000, 0x000000070ae00000|  0%| F|  |TAMS 0x000000070ad00000, 0x000000070ad00000| Untracked 
|  62|0x000000070ae00000, 0x000000070ae00000, 0x000000070af00000|  0%| F|  |TAMS 0x000000070ae00000, 0x000000070ae00000| Untracked 
|  63|0x000000070af00000, 0x000000070af00000, 0x000000070b000000|  0%| F|  |TAMS 0x000000070af00000, 0x000000070af00000| Untracked 
|  64|0x000000070b000000, 0x000000070b000000, 0x000000070b100000|  0%| F|  |TAMS 0x000000070b000000, 0x000000070b000000| Untracked 
|  65|0x000000070b100000, 0x000000070b100000, 0x000000070b200000|  0%| F|  |TAMS 0x000000070b100000, 0x000000070b100000| Untracked 
|  66|0x000000070b200000, 0x000000070b200000, 0x000000070b300000|  0%| F|  |TAMS 0x000000070b200000, 0x000000070b200000| Untracked 
|  67|0x000000070b300000, 0x000000070b300000, 0x000000070b400000|  0%| F|  |TAMS 0x000000070b300000, 0x000000070b300000| Untracked 
|  68|0x000000070b400000, 0x000000070b400000, 0x000000070b500000|  0%| F|  |TAMS 0x000000070b400000, 0x000000070b400000| Untracked 
|  69|0x000000070b500000, 0x000000070b500000, 0x000000070b600000|  0%| F|  |TAMS 0x000000070b500000, 0x000000070b500000| Untracked 
|  70|0x000000070b600000, 0x000000070b600000, 0x000000070b700000|  0%| F|  |TAMS 0x000000070b600000, 0x000000070b600000| Untracked 
|  71|0x000000070b700000, 0x000000070b700000, 0x000000070b800000|  0%| F|  |TAMS 0x000000070b700000, 0x000000070b700000| Untracked 
|  72|0x000000070b800000, 0x000000070b800000, 0x000000070b900000|  0%| F|  |TAMS 0x000000070b800000, 0x000000070b800000| Untracked 
|  73|0x000000070b900000, 0x000000070b900000, 0x000000070ba00000|  0%| F|  |TAMS 0x000000070b900000, 0x000000070b900000| Untracked 
|  74|0x000000070ba00000, 0x000000070ba00000, 0x000000070bb00000|  0%| F|  |TAMS 0x000000070ba00000, 0x000000070ba00000| Untracked 
|  75|0x000000070bb00000, 0x000000070bb00000, 0x000000070bc00000|  0%| F|  |TAMS 0x000000070bb00000, 0x000000070bb00000| Untracked 
|  76|0x000000070bc00000, 0x000000070bc00000, 0x000000070bd00000|  0%| F|  |TAMS 0x000000070bc00000, 0x000000070bc00000| Untracked 
|  77|0x000000070bd00000, 0x000000070bd00000, 0x000000070be00000|  0%| F|  |TAMS 0x000000070bd00000, 0x000000070bd00000| Untracked 
|  78|0x000000070be00000, 0x000000070be00000, 0x000000070bf00000|  0%| F|  |TAMS 0x000000070be00000, 0x000000070be00000| Untracked 
|  79|0x000000070bf00000, 0x000000070bf00000, 0x000000070c000000|  0%| F|  |TAMS 0x000000070bf00000, 0x000000070bf00000| Untracked 
|  80|0x000000070c000000, 0x000000070c000000, 0x000000070c100000|  0%| F|  |TAMS 0x000000070c000000, 0x000000070c000000| Untracked 
|  81|0x000000070c100000, 0x000000070c100000, 0x000000070c200000|  0%| F|  |TAMS 0x000000070c100000, 0x000000070c100000| Untracked 
|  82|0x000000070c200000, 0x000000070c200000, 0x000000070c300000|  0%| F|  |TAMS 0x000000070c200000, 0x000000070c200000| Untracked 
|  83|0x000000070c300000, 0x000000070c300000, 0x000000070c400000|  0%| F|  |TAMS 0x000000070c300000, 0x000000070c300000| Untracked 
|  84|0x000000070c400000, 0x000000070c400000, 0x000000070c500000|  0%| F|  |TAMS 0x000000070c400000, 0x000000070c400000| Untracked 
|  85|0x000000070c500000, 0x000000070c500000, 0x000000070c600000|  0%| F|  |TAMS 0x000000070c500000, 0x000000070c500000| Untracked 
|  86|0x000000070c600000, 0x000000070c600000, 0x000000070c700000|  0%| F|  |TAMS 0x000000070c600000, 0x000000070c600000| Untracked 
|  87|0x000000070c700000, 0x000000070c700000, 0x000000070c800000|  0%| F|  |TAMS 0x000000070c700000, 0x000000070c700000| Untracked 
|  88|0x000000070c800000, 0x000000070c800000, 0x000000070c900000|  0%| F|  |TAMS 0x000000070c800000, 0x000000070c800000| Untracked 
|  89|0x000000070c900000, 0x000000070c900000, 0x000000070ca00000|  0%| F|  |TAMS 0x000000070c900000, 0x000000070c900000| Untracked 
|  90|0x000000070ca00000, 0x000000070ca00000, 0x000000070cb00000|  0%| F|  |TAMS 0x000000070ca00000, 0x000000070ca00000| Untracked 
|  91|0x000000070cb00000, 0x000000070cb00000, 0x000000070cc00000|  0%| F|  |TAMS 0x000000070cb00000, 0x000000070cb00000| Untracked 
|  92|0x000000070cc00000, 0x000000070cc00000, 0x000000070cd00000|  0%| F|  |TAMS 0x000000070cc00000, 0x000000070cc00000| Untracked 
|  93|0x000000070cd00000, 0x000000070cd00000, 0x000000070ce00000|  0%| F|  |TAMS 0x000000070cd00000, 0x000000070cd00000| Untracked 
|  94|0x000000070ce00000, 0x000000070ce00000, 0x000000070cf00000|  0%| F|  |TAMS 0x000000070ce00000, 0x000000070ce00000| Untracked 
|  95|0x000000070cf00000, 0x000000070cf00000, 0x000000070d000000|  0%| F|  |TAMS 0x000000070cf00000, 0x000000070cf00000| Untracked 
|  96|0x000000070d000000, 0x000000070d000000, 0x000000070d100000|  0%| F|  |TAMS 0x000000070d000000, 0x000000070d000000| Untracked 
|  97|0x000000070d100000, 0x000000070d100000, 0x000000070d200000|  0%| F|  |TAMS 0x000000070d100000, 0x000000070d100000| Untracked 
|  98|0x000000070d200000, 0x000000070d200000, 0x000000070d300000|  0%| F|  |TAMS 0x000000070d200000, 0x000000070d200000| Untracked 
|  99|0x000000070d300000, 0x000000070d300000, 0x000000070d400000|  0%| F|  |TAMS 0x000000070d300000, 0x000000070d300000| Untracked 
| 100|0x000000070d400000, 0x000000070d400000, 0x000000070d500000|  0%| F|  |TAMS 0x000000070d400000, 0x000000070d400000| Untracked 
| 101|0x000000070d500000, 0x000000070d500000, 0x000000070d600000|  0%| F|  |TAMS 0x000000070d500000, 0x000000070d500000| Untracked 
| 102|0x000000070d600000, 0x000000070d600000, 0x000000070d700000|  0%| F|  |TAMS 0x000000070d600000, 0x000000070d600000| Untracked 
| 103|0x000000070d700000, 0x000000070d700000, 0x000000070d800000|  0%| F|  |TAMS 0x000000070d700000, 0x000000070d700000| Untracked 
| 104|0x000000070d800000, 0x000000070d800000, 0x000000070d900000|  0%| F|  |TAMS 0x000000070d800000, 0x000000070d800000| Untracked 
| 105|0x000000070d900000, 0x000000070d900000, 0x000000070da00000|  0%| F|  |TAMS 0x000000070d900000, 0x000000070d900000| Untracked 
| 106|0x000000070da00000, 0x000000070da00000, 0x000000070db00000|  0%| F|  |TAMS 0x000000070da00000, 0x000000070da00000| Untracked 
| 107|0x000000070db00000, 0x000000070db00000, 0x000000070dc00000|  0%| F|  |TAMS 0x000000070db00000, 0x000000070db00000| Untracked 
| 108|0x000000070dc00000, 0x000000070dc00000, 0x000000070dd00000|  0%| F|  |TAMS 0x000000070dc00000, 0x000000070dc00000| Untracked 
| 109|0x000000070dd00000, 0x000000070dd00000, 0x000000070de00000|  0%| F|  |TAMS 0x000000070dd00000, 0x000000070dd00000| Untracked 
| 110|0x000000070de00000, 0x000000070de00000, 0x000000070df00000|  0%| F|  |TAMS 0x000000070de00000, 0x000000070de00000| Untracked 
| 111|0x000000070df00000, 0x000000070df00000, 0x000000070e000000|  0%| F|  |TAMS 0x000000070df00000, 0x000000070df00000| Untracked 
| 112|0x000000070e000000, 0x000000070e000000, 0x000000070e100000|  0%| F|  |TAMS 0x000000070e000000, 0x000000070e000000| Untracked 
| 113|0x000000070e100000, 0x000000070e100000, 0x000000070e200000|  0%| F|  |TAMS 0x000000070e100000, 0x000000070e100000| Untracked 
| 114|0x000000070e200000, 0x000000070e200000, 0x000000070e300000|  0%| F|  |TAMS 0x000000070e200000, 0x000000070e200000| Untracked 
| 115|0x000000070e300000, 0x000000070e300000, 0x000000070e400000|  0%| F|  |TAMS 0x000000070e300000, 0x000000070e300000| Untracked 
| 116|0x000000070e400000, 0x000000070e400000, 0x000000070e500000|  0%| F|  |TAMS 0x000000070e400000, 0x000000070e400000| Untracked 
| 117|0x000000070e500000, 0x000000070e500000, 0x000000070e600000|  0%| F|  |TAMS 0x000000070e500000, 0x000000070e500000| Untracked 
| 118|0x000000070e600000, 0x000000070e600000, 0x000000070e700000|  0%| F|  |TAMS 0x000000070e600000, 0x000000070e600000| Untracked 
| 119|0x000000070e700000, 0x000000070e700000, 0x000000070e800000|  0%| F|  |TAMS 0x000000070e700000, 0x000000070e700000| Untracked 
| 120|0x000000070e800000, 0x000000070e800000, 0x000000070e900000|  0%| F|  |TAMS 0x000000070e800000, 0x000000070e800000| Untracked 
| 121|0x000000070e900000, 0x000000070e900000, 0x000000070ea00000|  0%| F|  |TAMS 0x000000070e900000, 0x000000070e900000| Untracked 
| 122|0x000000070ea00000, 0x000000070ea00000, 0x000000070eb00000|  0%| F|  |TAMS 0x000000070ea00000, 0x000000070ea00000| Untracked 
| 123|0x000000070eb00000, 0x000000070eb00000, 0x000000070ec00000|  0%| F|  |TAMS 0x000000070eb00000, 0x000000070eb00000| Untracked 
| 124|0x000000070ec00000, 0x000000070ec00000, 0x000000070ed00000|  0%| F|  |TAMS 0x000000070ec00000, 0x000000070ec00000| Untracked 
| 125|0x000000070ed00000, 0x000000070ed00000, 0x000000070ee00000|  0%| F|  |TAMS 0x000000070ed00000, 0x000000070ed00000| Untracked 
| 126|0x000000070ee00000, 0x000000070ee00000, 0x000000070ef00000|  0%| F|  |TAMS 0x000000070ee00000, 0x000000070ee00000| Untracked 
| 127|0x000000070ef00000, 0x000000070ef00000, 0x000000070f000000|  0%| F|  |TAMS 0x000000070ef00000, 0x000000070ef00000| Untracked 
| 128|0x000000070f000000, 0x000000070f000000, 0x000000070f100000|  0%| F|  |TAMS 0x000000070f000000, 0x000000070f000000| Untracked 
| 129|0x000000070f100000, 0x000000070f100000, 0x000000070f200000|  0%| F|  |TAMS 0x000000070f100000, 0x000000070f100000| Untracked 
| 130|0x000000070f200000, 0x000000070f200000, 0x000000070f300000|  0%| F|  |TAMS 0x000000070f200000, 0x000000070f200000| Untracked 
| 131|0x000000070f300000, 0x000000070f300000, 0x000000070f400000|  0%| F|  |TAMS 0x000000070f300000, 0x000000070f300000| Untracked 
| 132|0x000000070f400000, 0x000000070f400000, 0x000000070f500000|  0%| F|  |TAMS 0x000000070f400000, 0x000000070f400000| Untracked 
| 133|0x000000070f500000, 0x000000070f500000, 0x000000070f600000|  0%| F|  |TAMS 0x000000070f500000, 0x000000070f500000| Untracked 
| 134|0x000000070f600000, 0x000000070f600000, 0x000000070f700000|  0%| F|  |TAMS 0x000000070f600000, 0x000000070f600000| Untracked 
| 135|0x000000070f700000, 0x000000070f700000, 0x000000070f800000|  0%| F|  |TAMS 0x000000070f700000, 0x000000070f700000| Untracked 
| 136|0x000000070f800000, 0x000000070f800000, 0x000000070f900000|  0%| F|  |TAMS 0x000000070f800000, 0x000000070f800000| Untracked 
| 137|0x000000070f900000, 0x000000070f900000, 0x000000070fa00000|  0%| F|  |TAMS 0x000000070f900000, 0x000000070f900000| Untracked 
| 138|0x000000070fa00000, 0x000000070fa00000, 0x000000070fb00000|  0%| F|  |TAMS 0x000000070fa00000, 0x000000070fa00000| Untracked 
| 139|0x000000070fb00000, 0x000000070fb00000, 0x000000070fc00000|  0%| F|  |TAMS 0x000000070fb00000, 0x000000070fb00000| Untracked 
| 140|0x000000070fc00000, 0x000000070fc00000, 0x000000070fd00000|  0%| F|  |TAMS 0x000000070fc00000, 0x000000070fc00000| Untracked 
| 141|0x000000070fd00000, 0x000000070fd00000, 0x000000070fe00000|  0%| F|  |TAMS 0x000000070fd00000, 0x000000070fd00000| Untracked 
| 142|0x000000070fe00000, 0x000000070fe00000, 0x000000070ff00000|  0%| F|  |TAMS 0x000000070fe00000, 0x000000070fe00000| Untracked 
| 143|0x000000070ff00000, 0x000000070ff00000, 0x0000000710000000|  0%| F|  |TAMS 0x000000070ff00000, 0x000000070ff00000| Untracked 
| 144|0x0000000710000000, 0x0000000710000000, 0x0000000710100000|  0%| F|  |TAMS 0x0000000710000000, 0x0000000710000000| Untracked 
| 145|0x0000000710100000, 0x0000000710100000, 0x0000000710200000|  0%| F|  |TAMS 0x0000000710100000, 0x0000000710100000| Untracked 
| 146|0x0000000710200000, 0x0000000710200000, 0x0000000710300000|  0%| F|  |TAMS 0x0000000710200000, 0x0000000710200000| Untracked 
| 147|0x0000000710300000, 0x0000000710300000, 0x0000000710400000|  0%| F|  |TAMS 0x0000000710300000, 0x0000000710300000| Untracked 
| 148|0x0000000710400000, 0x0000000710400000, 0x0000000710500000|  0%| F|  |TAMS 0x0000000710400000, 0x0000000710400000| Untracked 
| 149|0x0000000710500000, 0x0000000710500000, 0x0000000710600000|  0%| F|  |TAMS 0x0000000710500000, 0x0000000710500000| Untracked 
| 150|0x0000000710600000, 0x0000000710600000, 0x0000000710700000|  0%| F|  |TAMS 0x0000000710600000, 0x0000000710600000| Untracked 
| 151|0x0000000710700000, 0x0000000710700000, 0x0000000710800000|  0%| F|  |TAMS 0x0000000710700000, 0x0000000710700000| Untracked 
| 152|0x0000000710800000, 0x0000000710800000, 0x0000000710900000|  0%| F|  |TAMS 0x0000000710800000, 0x0000000710800000| Untracked 
| 153|0x0000000710900000, 0x0000000710900000, 0x0000000710a00000|  0%| F|  |TAMS 0x0000000710900000, 0x0000000710900000| Untracked 
| 154|0x0000000710a00000, 0x0000000710a00000, 0x0000000710b00000|  0%| F|  |TAMS 0x0000000710a00000, 0x0000000710a00000| Untracked 
| 155|0x0000000710b00000, 0x0000000710b00000, 0x0000000710c00000|  0%| F|  |TAMS 0x0000000710b00000, 0x0000000710b00000| Untracked 
| 156|0x0000000710c00000, 0x0000000710c00000, 0x0000000710d00000|  0%| F|  |TAMS 0x0000000710c00000, 0x0000000710c00000| Untracked 
| 157|0x0000000710d00000, 0x0000000710d00000, 0x0000000710e00000|  0%| F|  |TAMS 0x0000000710d00000, 0x0000000710d00000| Untracked 
| 158|0x0000000710e00000, 0x0000000710e00000, 0x0000000710f00000|  0%| F|  |TAMS 0x0000000710e00000, 0x0000000710e00000| Untracked 
| 159|0x0000000710f00000, 0x0000000710f00000, 0x0000000711000000|  0%| F|  |TAMS 0x0000000710f00000, 0x0000000710f00000| Untracked 
| 160|0x0000000711000000, 0x0000000711000000, 0x0000000711100000|  0%| F|  |TAMS 0x0000000711000000, 0x0000000711000000| Untracked 
| 161|0x0000000711100000, 0x0000000711100000, 0x0000000711200000|  0%| F|  |TAMS 0x0000000711100000, 0x0000000711100000| Untracked 
| 162|0x0000000711200000, 0x0000000711200000, 0x0000000711300000|  0%| F|  |TAMS 0x0000000711200000, 0x0000000711200000| Untracked 
| 163|0x0000000711300000, 0x0000000711300000, 0x0000000711400000|  0%| F|  |TAMS 0x0000000711300000, 0x0000000711300000| Untracked 
| 164|0x0000000711400000, 0x0000000711400000, 0x0000000711500000|  0%| F|  |TAMS 0x0000000711400000, 0x0000000711400000| Untracked 
| 165|0x0000000711500000, 0x0000000711500000, 0x0000000711600000|  0%| F|  |TAMS 0x0000000711500000, 0x0000000711500000| Untracked 
| 166|0x0000000711600000, 0x0000000711600000, 0x0000000711700000|  0%| F|  |TAMS 0x0000000711600000, 0x0000000711600000| Untracked 
| 167|0x0000000711700000, 0x0000000711700000, 0x0000000711800000|  0%| F|  |TAMS 0x0000000711700000, 0x0000000711700000| Untracked 
| 168|0x0000000711800000, 0x0000000711800000, 0x0000000711900000|  0%| F|  |TAMS 0x0000000711800000, 0x0000000711800000| Untracked 
| 169|0x0000000711900000, 0x0000000711900000, 0x0000000711a00000|  0%| F|  |TAMS 0x0000000711900000, 0x0000000711900000| Untracked 
| 170|0x0000000711a00000, 0x0000000711a00000, 0x0000000711b00000|  0%| F|  |TAMS 0x0000000711a00000, 0x0000000711a00000| Untracked 
| 171|0x0000000711b00000, 0x0000000711b00000, 0x0000000711c00000|  0%| F|  |TAMS 0x0000000711b00000, 0x0000000711b00000| Untracked 
| 172|0x0000000711c00000, 0x0000000711c00000, 0x0000000711d00000|  0%| F|  |TAMS 0x0000000711c00000, 0x0000000711c00000| Untracked 
| 173|0x0000000711d00000, 0x0000000711d00000, 0x0000000711e00000|  0%| F|  |TAMS 0x0000000711d00000, 0x0000000711d00000| Untracked 
| 174|0x0000000711e00000, 0x0000000711e00000, 0x0000000711f00000|  0%| F|  |TAMS 0x0000000711e00000, 0x0000000711e00000| Untracked 
| 175|0x0000000711f00000, 0x0000000711f00000, 0x0000000712000000|  0%| F|  |TAMS 0x0000000711f00000, 0x0000000711f00000| Untracked 
| 176|0x0000000712000000, 0x0000000712000000, 0x0000000712100000|  0%| F|  |TAMS 0x0000000712000000, 0x0000000712000000| Untracked 
| 177|0x0000000712100000, 0x0000000712100000, 0x0000000712200000|  0%| F|  |TAMS 0x0000000712100000, 0x0000000712100000| Untracked 
| 178|0x0000000712200000, 0x0000000712200000, 0x0000000712300000|  0%| F|  |TAMS 0x0000000712200000, 0x0000000712200000| Untracked 
| 179|0x0000000712300000, 0x0000000712300000, 0x0000000712400000|  0%| F|  |TAMS 0x0000000712300000, 0x0000000712300000| Untracked 
| 180|0x0000000712400000, 0x0000000712400000, 0x0000000712500000|  0%| F|  |TAMS 0x0000000712400000, 0x0000000712400000| Untracked 
| 181|0x0000000712500000, 0x0000000712500000, 0x0000000712600000|  0%| F|  |TAMS 0x0000000712500000, 0x0000000712500000| Untracked 
| 182|0x0000000712600000, 0x0000000712600000, 0x0000000712700000|  0%| F|  |TAMS 0x0000000712600000, 0x0000000712600000| Untracked 
| 183|0x0000000712700000, 0x0000000712700000, 0x0000000712800000|  0%| F|  |TAMS 0x0000000712700000, 0x0000000712700000| Untracked 
| 184|0x0000000712800000, 0x0000000712800000, 0x0000000712900000|  0%| F|  |TAMS 0x0000000712800000, 0x0000000712800000| Untracked 
| 185|0x0000000712900000, 0x0000000712900000, 0x0000000712a00000|  0%| F|  |TAMS 0x0000000712900000, 0x0000000712900000| Untracked 
| 186|0x0000000712a00000, 0x0000000712a00000, 0x0000000712b00000|  0%| F|  |TAMS 0x0000000712a00000, 0x0000000712a00000| Untracked 
| 187|0x0000000712b00000, 0x0000000712b00000, 0x0000000712c00000|  0%| F|  |TAMS 0x0000000712b00000, 0x0000000712b00000| Untracked 
| 188|0x0000000712c00000, 0x0000000712c00000, 0x0000000712d00000|  0%| F|  |TAMS 0x0000000712c00000, 0x0000000712c00000| Untracked 
| 189|0x0000000712d00000, 0x0000000712d00000, 0x0000000712e00000|  0%| F|  |TAMS 0x0000000712d00000, 0x0000000712d00000| Untracked 
| 190|0x0000000712e00000, 0x0000000712e00000, 0x0000000712f00000|  0%| F|  |TAMS 0x0000000712e00000, 0x0000000712e00000| Untracked 
| 191|0x0000000712f00000, 0x0000000712f00000, 0x0000000713000000|  0%| F|  |TAMS 0x0000000712f00000, 0x0000000712f00000| Untracked 
| 192|0x0000000713000000, 0x0000000713000000, 0x0000000713100000|  0%| F|  |TAMS 0x0000000713000000, 0x0000000713000000| Untracked 
| 193|0x0000000713100000, 0x0000000713100000, 0x0000000713200000|  0%| F|  |TAMS 0x0000000713100000, 0x0000000713100000| Untracked 
| 194|0x0000000713200000, 0x0000000713200000, 0x0000000713300000|  0%| F|  |TAMS 0x0000000713200000, 0x0000000713200000| Untracked 
| 195|0x0000000713300000, 0x0000000713300000, 0x0000000713400000|  0%| F|  |TAMS 0x0000000713300000, 0x0000000713300000| Untracked 
| 196|0x0000000713400000, 0x0000000713400000, 0x0000000713500000|  0%| F|  |TAMS 0x0000000713400000, 0x0000000713400000| Untracked 
| 197|0x0000000713500000, 0x0000000713500000, 0x0000000713600000|  0%| F|  |TAMS 0x0000000713500000, 0x0000000713500000| Untracked 
| 198|0x0000000713600000, 0x0000000713600000, 0x0000000713700000|  0%| F|  |TAMS 0x0000000713600000, 0x0000000713600000| Untracked 
| 199|0x0000000713700000, 0x0000000713700000, 0x0000000713800000|  0%| F|  |TAMS 0x0000000713700000, 0x0000000713700000| Untracked 
| 200|0x0000000713800000, 0x0000000713800000, 0x0000000713900000|  0%| F|  |TAMS 0x0000000713800000, 0x0000000713800000| Untracked 
| 201|0x0000000713900000, 0x0000000713900000, 0x0000000713a00000|  0%| F|  |TAMS 0x0000000713900000, 0x0000000713900000| Untracked 
| 202|0x0000000713a00000, 0x0000000713a00000, 0x0000000713b00000|  0%| F|  |TAMS 0x0000000713a00000, 0x0000000713a00000| Untracked 
| 203|0x0000000713b00000, 0x0000000713b00000, 0x0000000713c00000|  0%| F|  |TAMS 0x0000000713b00000, 0x0000000713b00000| Untracked 
| 204|0x0000000713c00000, 0x0000000713c00000, 0x0000000713d00000|  0%| F|  |TAMS 0x0000000713c00000, 0x0000000713c00000| Untracked 
| 205|0x0000000713d00000, 0x0000000713d00000, 0x0000000713e00000|  0%| F|  |TAMS 0x0000000713d00000, 0x0000000713d00000| Untracked 
| 206|0x0000000713e00000, 0x0000000713e00000, 0x0000000713f00000|  0%| F|  |TAMS 0x0000000713e00000, 0x0000000713e00000| Untracked 
| 207|0x0000000713f00000, 0x0000000713f00000, 0x0000000714000000|  0%| F|  |TAMS 0x0000000713f00000, 0x0000000713f00000| Untracked 
| 208|0x0000000714000000, 0x0000000714000000, 0x0000000714100000|  0%| F|  |TAMS 0x0000000714000000, 0x0000000714000000| Untracked 
| 209|0x0000000714100000, 0x0000000714100000, 0x0000000714200000|  0%| F|  |TAMS 0x0000000714100000, 0x0000000714100000| Untracked 
| 210|0x0000000714200000, 0x0000000714200000, 0x0000000714300000|  0%| F|  |TAMS 0x0000000714200000, 0x0000000714200000| Untracked 
| 211|0x0000000714300000, 0x0000000714300000, 0x0000000714400000|  0%| F|  |TAMS 0x0000000714300000, 0x0000000714300000| Untracked 
| 212|0x0000000714400000, 0x0000000714400000, 0x0000000714500000|  0%| F|  |TAMS 0x0000000714400000, 0x0000000714400000| Untracked 
| 213|0x0000000714500000, 0x0000000714500000, 0x0000000714600000|  0%| F|  |TAMS 0x0000000714500000, 0x0000000714500000| Untracked 
| 214|0x0000000714600000, 0x0000000714600000, 0x0000000714700000|  0%| F|  |TAMS 0x0000000714600000, 0x0000000714600000| Untracked 
| 215|0x0000000714700000, 0x0000000714700000, 0x0000000714800000|  0%| F|  |TAMS 0x0000000714700000, 0x0000000714700000| Untracked 
| 216|0x0000000714800000, 0x0000000714800000, 0x0000000714900000|  0%| F|  |TAMS 0x0000000714800000, 0x0000000714800000| Untracked 
| 217|0x0000000714900000, 0x0000000714900000, 0x0000000714a00000|  0%| F|  |TAMS 0x0000000714900000, 0x0000000714900000| Untracked 
| 218|0x0000000714a00000, 0x0000000714a00000, 0x0000000714b00000|  0%| F|  |TAMS 0x0000000714a00000, 0x0000000714a00000| Untracked 
| 219|0x0000000714b00000, 0x0000000714b00000, 0x0000000714c00000|  0%| F|  |TAMS 0x0000000714b00000, 0x0000000714b00000| Untracked 
| 220|0x0000000714c00000, 0x0000000714c00000, 0x0000000714d00000|  0%| F|  |TAMS 0x0000000714c00000, 0x0000000714c00000| Untracked 
| 221|0x0000000714d00000, 0x0000000714d00000, 0x0000000714e00000|  0%| F|  |TAMS 0x0000000714d00000, 0x0000000714d00000| Untracked 
| 222|0x0000000714e00000, 0x0000000714e00000, 0x0000000714f00000|  0%| F|  |TAMS 0x0000000714e00000, 0x0000000714e00000| Untracked 
| 223|0x0000000714f00000, 0x0000000714f00000, 0x0000000715000000|  0%| F|  |TAMS 0x0000000714f00000, 0x0000000714f00000| Untracked 
| 224|0x0000000715000000, 0x0000000715000000, 0x0000000715100000|  0%| F|  |TAMS 0x0000000715000000, 0x0000000715000000| Untracked 
| 225|0x0000000715100000, 0x0000000715100000, 0x0000000715200000|  0%| F|  |TAMS 0x0000000715100000, 0x0000000715100000| Untracked 
| 226|0x0000000715200000, 0x0000000715200000, 0x0000000715300000|  0%| F|  |TAMS 0x0000000715200000, 0x0000000715200000| Untracked 
| 227|0x0000000715300000, 0x0000000715300000, 0x0000000715400000|  0%| F|  |TAMS 0x0000000715300000, 0x0000000715300000| Untracked 
| 228|0x0000000715400000, 0x0000000715400000, 0x0000000715500000|  0%| F|  |TAMS 0x0000000715400000, 0x0000000715400000| Untracked 
| 229|0x0000000715500000, 0x0000000715500000, 0x0000000715600000|  0%| F|  |TAMS 0x0000000715500000, 0x0000000715500000| Untracked 
| 230|0x0000000715600000, 0x0000000715600000, 0x0000000715700000|  0%| F|  |TAMS 0x0000000715600000, 0x0000000715600000| Untracked 
| 231|0x0000000715700000, 0x0000000715700000, 0x0000000715800000|  0%| F|  |TAMS 0x0000000715700000, 0x0000000715700000| Untracked 
| 232|0x0000000715800000, 0x00000007158f6cb8, 0x0000000715900000| 96%| E|  |TAMS 0x0000000715800000, 0x0000000715800000| Complete 
| 233|0x0000000715900000, 0x0000000715a00000, 0x0000000715a00000|100%| E|CS|TAMS 0x0000000715900000, 0x0000000715900000| Complete 
| 234|0x0000000715a00000, 0x0000000715b00000, 0x0000000715b00000|100%| E|CS|TAMS 0x0000000715a00000, 0x0000000715a00000| Complete 
| 235|0x0000000715b00000, 0x0000000715c00000, 0x0000000715c00000|100%| E|CS|TAMS 0x0000000715b00000, 0x0000000715b00000| Complete 
| 236|0x0000000715c00000, 0x0000000715d00000, 0x0000000715d00000|100%| E|CS|TAMS 0x0000000715c00000, 0x0000000715c00000| Complete 
| 237|0x0000000715d00000, 0x0000000715e00000, 0x0000000715e00000|100%| E|  |TAMS 0x0000000715d00000, 0x0000000715d00000| Complete 
| 238|0x0000000715e00000, 0x0000000715f00000, 0x0000000715f00000|100%| E|CS|TAMS 0x0000000715e00000, 0x0000000715e00000| Complete 
| 239|0x0000000715f00000, 0x0000000716000000, 0x0000000716000000|100%| E|CS|TAMS 0x0000000715f00000, 0x0000000715f00000| Complete 
| 240|0x0000000716000000, 0x0000000716100000, 0x0000000716100000|100%| E|CS|TAMS 0x0000000716000000, 0x0000000716000000| Complete 
| 241|0x0000000716100000, 0x0000000716200000, 0x0000000716200000|100%| E|CS|TAMS 0x0000000716100000, 0x0000000716100000| Complete 
| 242|0x0000000716200000, 0x0000000716300000, 0x0000000716300000|100%| E|CS|TAMS 0x0000000716200000, 0x0000000716200000| Complete 
| 243|0x0000000716300000, 0x0000000716400000, 0x0000000716400000|100%| E|CS|TAMS 0x0000000716300000, 0x0000000716300000| Complete 
| 244|0x0000000716400000, 0x0000000716500000, 0x0000000716500000|100%| E|CS|TAMS 0x0000000716400000, 0x0000000716400000| Complete 
| 245|0x0000000716500000, 0x0000000716600000, 0x0000000716600000|100%| E|CS|TAMS 0x0000000716500000, 0x0000000716500000| Complete 
| 246|0x0000000716600000, 0x0000000716700000, 0x0000000716700000|100%| E|CS|TAMS 0x0000000716600000, 0x0000000716600000| Complete 
| 247|0x0000000716700000, 0x0000000716800000, 0x0000000716800000|100%| E|CS|TAMS 0x0000000716700000, 0x0000000716700000| Complete 
| 248|0x0000000716800000, 0x0000000716900000, 0x0000000716900000|100%| E|CS|TAMS 0x0000000716800000, 0x0000000716800000| Complete 
| 249|0x0000000716900000, 0x0000000716a00000, 0x0000000716a00000|100%| E|CS|TAMS 0x0000000716900000, 0x0000000716900000| Complete 
|2958|0x00000007bfe00000, 0x00000007bfe48000, 0x00000007bff00000| 28%|OA|  |TAMS 0x00000007bfe00000, 0x00000007bfe00000| Untracked 
|2959|0x00000007bff00000, 0x00000007bff6c000, 0x00000007c0000000| 42%|CA|  |TAMS 0x00000007bff00000, 0x00000007bff00000| Untracked 

Card table byte_map: [0x00007ff26d1ed000,0x00007ff26d9b5000] _byte_map_base: 0x00007ff2699b5000

Marking Bits (Prev, Next): (CMBitMap*) 0x00007ff26807c088, (CMBitMap*) 0x00007ff26807c0c0
 Prev Bits: [0x00007ff2481c0000, 0x00007ff24c000000)
 Next Bits: [0x00007ff244380000, 0x00007ff2481c0000)

Polling page: 0x00007ff26ee92000

Metaspace:

Usage:
  Non-class:      6.38 MB capacity,     5.90 MB ( 92%) used,   483.46 KB (  7%) free+waste,    12.06 KB ( <1%) overhead. 
      Class:    829.00 KB capacity,   772.01 KB ( 93%) used,    50.80 KB (  6%) free+waste,     6.19 KB ( <1%) overhead. 
       Both:      7.19 MB capacity,     6.65 MB ( 92%) used,   534.27 KB (  7%) free+waste,    18.25 KB ( <1%) overhead. 

Virtual space:
  Non-class space:        8.00 MB reserved,       6.50 MB ( 81%) committed 
      Class space:        1.00 GB reserved,     896.00 KB ( <1%) committed 
             Both:        1.01 GB reserved,       7.38 MB ( <1%) committed 

Chunk freelists:
   Non-Class:  57.00 KB
       Class:  3.00 KB
        Both:  60.00 KB

MaxMetaspaceSize: unlimited
CompressedClassSpaceSize: 1.00 GB
Initial GC threshold: 20.80 MB
Current GC threshold: 20.80 MB
CDS: on

CodeHeap 'non-profiled nmethods': size=120032Kb used=351Kb max_used=351Kb free=119680Kb
 bounds [0x00007ff2582b9000, 0x00007ff258529000, 0x00007ff25f7f1000]
CodeHeap 'profiled nmethods': size=120028Kb used=2123Kb max_used=2123Kb free=117904Kb
 bounds [0x00007ff250d82000, 0x00007ff250ff2000, 0x00007ff2582b9000]
CodeHeap 'non-nmethods': size=5700Kb used=1161Kb max_used=1178Kb free=4539Kb
 bounds [0x00007ff2507f1000, 0x00007ff250a61000, 0x00007ff250d82000]
 total_blobs=1540 nmethods=1127 adapters=327
 compilation: enabled
              stopped_count=0, restarted_count=0
 full_count=0

Compilation events (20 events):
Event: 0.745 Thread 0x00007ff26824f800 1118       3       sun.misc.Unsafe::putBoolean (11 bytes)
Event: 0.746 Thread 0x00007ff26824f800 nmethod 1118 0x00007ff250f8f110 code [0x00007ff250f8f2c0, 0x00007ff250f8f3d0]
Event: 0.746 Thread 0x00007ff26824f800 1120       3       java.util.LinkedHashMap::<init> (10 bytes)
Event: 0.746 Thread 0x00007ff26824f800 nmethod 1120 0x00007ff250f8f490 code [0x00007ff250f8f660, 0x00007ff250f8f890]
Event: 0.746 Thread 0x00007ff26824f800 1121   !   3       jdk.internal.reflect.GeneratedMethodAccessor1::invoke (68 bytes)
Event: 0.746 Thread 0x00007ff26824d800 nmethod 1119 0x00007ff25830fc90 code [0x00007ff25830fe40, 0x00007ff25830ff98]
Event: 0.746 Thread 0x00007ff26824f800 nmethod 1121 0x00007ff250f8f990 code [0x00007ff250f8fc20, 0x00007ff250f905d0]
Event: 0.746 Thread 0x00007ff26824f800 1122   !   3       jdk.internal.reflect.GeneratedMethodAccessor2::invoke (200 bytes)
Event: 0.747 Thread 0x00007ff26824f800 nmethod 1122 0x00007ff250f90a90 code [0x00007ff250f90d80, 0x00007ff250f92620]
Event: 0.747 Thread 0x00007ff26824f800 1125       3       java.lang.reflect.Modifier::isFinal (13 bytes)
Event: 0.748 Thread 0x00007ff26824f800 nmethod 1125 0x00007ff250f92d10 code [0x00007ff250f92ec0, 0x00007ff250f92ff0]
Event: 0.748 Thread 0x00007ff26824f800 1123       3       java.lang.reflect.Field::getFieldAccessor (35 bytes)
Event: 0.749 Thread 0x00007ff26824f800 nmethod 1123 0x00007ff250f93090 code [0x00007ff250f93260, 0x00007ff250f93460]
Event: 0.749 Thread 0x00007ff26824f800 1124       3       jdk.internal.reflect.UnsafeFieldAccessorImpl::ensureObj (23 bytes)
Event: 0.749 Thread 0x00007ff21412e800 nmethod 1112 0x00007ff258310190 code [0x00007ff258310360, 0x00007ff2583109d8]
Event: 0.749 Thread 0x00007ff26824f800 nmethod 1124 0x00007ff250f93510 code [0x00007ff250f93720, 0x00007ff250f93e10]
Event: 0.749 Thread 0x00007ff26824f800 1126       3       java.lang.reflect.Field::setFieldAccessor (34 bytes)
Event: 0.749 Thread 0x00007ff26824f800 nmethod 1126 0x00007ff250f94090 code [0x00007ff250f94280, 0x00007ff250f946e0]
Event: 0.749 Thread 0x00007ff26824f800 1127       3       jdk.internal.org.objectweb.asm.ByteVector::enlarge (51 bytes)
Event: 0.749 Thread 0x00007ff26824f800 nmethod 1127 0x00007ff250f94810 code [0x00007ff250f949e0, 0x00007ff250f94d20]

GC Heap History (0 events):
No events

Deoptimization events (20 events):
Event: 0.448 Thread 0x00007ff268016000 Uncommon trap: trap_request=0xffffffde fr.pc=0x00007ff2582de398 relative=0x0000000000000598
Event: 0.448 Thread 0x00007ff268016000 Uncommon trap: reason=class_check action=maybe_recompile pc=0x00007ff2582de398 method=java.util.HashMap.putVal(ILjava/lang/Object;Ljava/lang/Object;ZZ)Ljava/lang/Object; @ 253 c2
Event: 0.448 Thread 0x00007ff268016000 DEOPT PACKING pc=0x00007ff2582de398 sp=0x00007ff26efd40a0
Event: 0.448 Thread 0x00007ff268016000 DEOPT UNPACKING pc=0x00007ff2507f92a5 sp=0x00007ff26efd4070 mode 2
Event: 0.449 Thread 0x00007ff268016000 Uncommon trap: trap_request=0xffffff4d fr.pc=0x00007ff2582dc748 relative=0x0000000000000188
Event: 0.449 Thread 0x00007ff268016000 Uncommon trap: reason=unstable_if action=reinterpret pc=0x00007ff2582dc748 method=java.util.HashMap.getNode(ILjava/lang/Object;)Ljava/util/HashMap$Node; @ 129 c2
Event: 0.449 Thread 0x00007ff268016000 DEOPT PACKING pc=0x00007ff2582dc748 sp=0x00007ff26efd2210
Event: 0.449 Thread 0x00007ff268016000 DEOPT UNPACKING pc=0x00007ff2507f92a5 sp=0x00007ff26efd21a0 mode 2
Event: 0.726 Thread 0x00007ff2684b8000 Uncommon trap: trap_request=0xffffff4d fr.pc=0x00007ff2582bd9a4 relative=0x0000000000000084
Event: 0.726 Thread 0x00007ff2684b8000 Uncommon trap: reason=unstable_if action=reinterpret pc=0x00007ff2582bd9a4 method=java.lang.String.isLatin1()Z @ 10 c2
Event: 0.726 Thread 0x00007ff2684b8000 DEOPT PACKING pc=0x00007ff2582bd9a4 sp=0x00007ff23cd0e860
Event: 0.726 Thread 0x00007ff2684b8000 DEOPT UNPACKING pc=0x00007ff2507f92a5 sp=0x00007ff23cd0e7c0 mode 2
Event: 0.727 Thread 0x00007ff2684b8000 Uncommon trap: trap_request=0xffffff4d fr.pc=0x00007ff2582c5988 relative=0x0000000000000068
Event: 0.727 Thread 0x00007ff2684b8000 Uncommon trap: reason=unstable_if action=reinterpret pc=0x00007ff2582c5988 method=java.lang.String.isLatin1()Z @ 10 c2
Event: 0.727 Thread 0x00007ff2684b8000 DEOPT PACKING pc=0x00007ff2582c5988 sp=0x00007ff23cd0e810
Event: 0.727 Thread 0x00007ff2684b8000 DEOPT UNPACKING pc=0x00007ff2507f92a5 sp=0x00007ff23cd0e7c0 mode 2
Event: 0.741 Thread 0x00007ff2684b8000 DEOPT PACKING pc=0x00007ff250f1b216 sp=0x00007ff23cd0dd60
Event: 0.741 Thread 0x00007ff2684b8000 DEOPT UNPACKING pc=0x00007ff25083a9fa sp=0x00007ff23cd0d278 mode 0
Event: 0.745 Thread 0x00007ff2684b8000 DEOPT PACKING pc=0x00007ff250f1b216 sp=0x00007ff23cd0dd70
Event: 0.745 Thread 0x00007ff2684b8000 DEOPT UNPACKING pc=0x00007ff25083a9fa sp=0x00007ff23cd0d288 mode 0

Classes redefined (0 events):
No events

Internal exceptions (2 events):
Event: 0.585 Thread 0x00007ff268016000 Exception <a 'java/lang/NoSuchMethodError'{0x0000000715c40990}: 'void java.lang.invoke.DirectMethodHandle$Holder.invokeSpecial(java.lang.Object, java.lang.Object, java.lang.Object, java.lang.Object)'> (0x0000000715c40990) thrown at [src/hotspot/share/interpreter/linkResolver.cpp, line 772]
Event: 0.699 Thread 0x00007ff2684b8000 Exception <a 'java/lang/NoSuchMethodError'{0x00000007159509a0}: 'void java.lang.invoke.DirectMethodHandle$Holder.invokeVirtual(java.lang.Object, java.lang.Object)'> (0x00000007159509a0) thrown at [src/hotspot/share/interpreter/linkResolver.cpp, line 772]

Events (20 events):
Event: 0.743 loading class org/eclipse/lsp4j/FileOperationPattern done
Event: 0.743 loading class org/eclipse/lsp4j/FileOperationPatternOptions
Event: 0.743 loading class org/eclipse/lsp4j/FileOperationPatternOptions done
Event: 0.744 loading class org/eclipse/lsp4j/StaticRegistrationOptions
Event: 0.744 loading class org/eclipse/lsp4j/StaticRegistrationOptions done
Event: 0.744 loading class org/eclipse/lsp4j/CallHierarchyRegistrationOptions
Event: 0.744 loading class org/eclipse/lsp4j/CallHierarchyRegistrationOptions done
Event: 0.744 loading class org/eclipse/lsp4j/SelectionRangeRegistrationOptions
Event: 0.744 loading class org/eclipse/lsp4j/SelectionRangeRegistrationOptions done
Event: 0.745 loading class org/eclipse/lsp4j/LinkedEditingRangeRegistrationOptions
Event: 0.745 loading class org/eclipse/lsp4j/LinkedEditingRangeRegistrationOptions done
Event: 0.745 loading class org/eclipse/lsp4j/MonikerRegistrationOptions
Event: 0.745 loading class org/eclipse/lsp4j/MonikerRegistrationOptions done
Event: 0.748 loading class org/eclipse/lsp4j/jsonrpc/messages/RequestMessage
Event: 0.748 loading class org/eclipse/lsp4j/jsonrpc/messages/RequestMessage done
Event: 0.748 loading class org/eclipse/lsp4j/jsonrpc/RemoteEndpoint
Event: 0.748 loading class org/eclipse/lsp4j/jsonrpc/RemoteEndpoint done
Event: 0.749 loading class org/eclipse/lsp4j/jsonrpc/RemoteEndpoint
Event: 0.749 loading class org/eclipse/lsp4j/jsonrpc/RemoteEndpoint done
Event: 5.749 Thread 0x00007ff21412e800 Thread exited: 0x00007ff21412e800


Dynamic libraries:
707000000-716a00000 rw-p 00000000 00:00 0 
716a00000-7bfe00000 ---p 00000000 00:00 0 
7bfe00000-7bfe48000 rw-p 00b13000 08:20 112621                           /usr/lib/jvm/java-11-openjdk-amd64/lib/server/classes.jsa
7bfe48000-7bff00000 rw-p 00000000 00:00 0 
7bff00000-7bff6c000 rw-p 00aa7000 08:20 112621                           /usr/lib/jvm/java-11-openjdk-amd64/lib/server/classes.jsa
7bff6c000-7c0000000 rw-p 00000000 00:00 0 
7c0000000-800000000 ---p 00000000 00:00 0 
800000000-800002000 rwxp 00001000 08:20 112621                           /usr/lib/jvm/java-11-openjdk-amd64/lib/server/classes.jsa
800002000-8003ce000 rw-p 00003000 08:20 112621                           /usr/lib/jvm/java-11-openjdk-amd64/lib/server/classes.jsa
8003ce000-800aa5000 r--p 003cf000 08:20 112621                           /usr/lib/jvm/java-11-openjdk-amd64/lib/server/classes.jsa
800aa5000-800aa6000 rw-p 00aa6000 08:20 112621                           /usr/lib/jvm/java-11-openjdk-amd64/lib/server/classes.jsa
840000000-8400e0000 rw-p 00000000 00:00 0 
8400e0000-880000000 ---p 00000000 00:00 0 
55838d34b000-55838d34c000 r--p 00000000 08:20 96630                      /usr/lib/jvm/java-11-openjdk-amd64/bin/java
55838d34c000-55838d34d000 r-xp 00001000 08:20 96630                      /usr/lib/jvm/java-11-openjdk-amd64/bin/java
55838d34d000-55838d34e000 r--p 00002000 08:20 96630                      /usr/lib/jvm/java-11-openjdk-amd64/bin/java
55838d34e000-55838d34f000 r--p 00002000 08:20 96630                      /usr/lib/jvm/java-11-openjdk-amd64/bin/java
55838d34f000-55838d350000 rw-p 00003000 08:20 96630                      /usr/lib/jvm/java-11-openjdk-amd64/bin/java
55838e26f000-55838e290000 rw-p 00000000 00:00 0                          [heap]
7ff1fc000000-7ff1fc040000 rw-p 00000000 00:00 0 
7ff1fc040000-7ff200000000 ---p 00000000 00:00 0 
7ff204000000-7ff204021000 rw-p 00000000 00:00 0 
7ff204021000-7ff208000000 ---p 00000000 00:00 0 
7ff208000000-7ff2080fc000 rw-p 00000000 00:00 0 
7ff2080fc000-7ff20c000000 ---p 00000000 00:00 0 
7ff20c000000-7ff20c021000 rw-p 00000000 00:00 0 
7ff20c021000-7ff210000000 ---p 00000000 00:00 0 
7ff210000000-7ff210021000 rw-p 00000000 00:00 0 
7ff210021000-7ff214000000 ---p 00000000 00:00 0 
7ff214000000-7ff214247000 rw-p 00000000 00:00 0 
7ff214247000-7ff218000000 ---p 00000000 00:00 0 
7ff218000000-7ff2181c2000 rw-p 00000000 00:00 0 
7ff2181c2000-7ff21c000000 ---p 00000000 00:00 0 
7ff21c000000-7ff21c021000 rw-p 00000000 00:00 0 
7ff21c021000-7ff220000000 ---p 00000000 00:00 0 
7ff220000000-7ff220021000 rw-p 00000000 00:00 0 
7ff220021000-7ff224000000 ---p 00000000 00:00 0 
7ff224000000-7ff224021000 rw-p 00000000 00:00 0 
7ff224021000-7ff228000000 ---p 00000000 00:00 0 
7ff228000000-7ff228021000 rw-p 00000000 00:00 0 
7ff228021000-7ff22c000000 ---p 00000000 00:00 0 
7ff22c000000-7ff22c021000 rw-p 00000000 00:00 0 
7ff22c021000-7ff230000000 ---p 00000000 00:00 0 
7ff230000000-7ff230021000 rw-p 00000000 00:00 0 
7ff230021000-7ff234000000 ---p 00000000 00:00 0 
7ff234000000-7ff234021000 rw-p 00000000 00:00 0 
7ff234021000-7ff238000000 ---p 00000000 00:00 0 
7ff238000000-7ff238021000 rw-p 00000000 00:00 0 
7ff238021000-7ff23c000000 ---p 00000000 00:00 0 
7ff23cc10000-7ff23cc14000 ---p 00000000 00:00 0 
7ff23cc14000-7ff23cd11000 rw-p 00000000 00:00 0 
7ff23cd11000-7ff23cd15000 ---p 00000000 00:00 0 
7ff23cd15000-7ff23ce12000 rw-p 00000000 00:00 0 
7ff23ce12000-7ff23ce16000 ---p 00000000 00:00 0 
7ff23ce16000-7ff23cf13000 rw-p 00000000 00:00 0 
7ff23cf13000-7ff23cf14000 ---p 00000000 00:00 0 
7ff23cf14000-7ff23d015000 rw-p 00000000 00:00 0 
7ff23d015000-7ff23d019000 ---p 00000000 00:00 0 
7ff23d019000-7ff23d116000 rw-p 00000000 00:00 0 
7ff23d116000-7ff23d11a000 ---p 00000000 00:00 0 
7ff23d11a000-7ff23d217000 rw-p 00000000 00:00 0 
7ff23d217000-7ff23d21b000 ---p 00000000 00:00 0 
7ff23d21b000-7ff23d318000 rw-p 00000000 00:00 0 
7ff23d318000-7ff23d31c000 ---p 00000000 00:00 0 
7ff23d31c000-7ff23d419000 rw-p 00000000 00:00 0 
7ff23d419000-7ff23d41d000 ---p 00000000 00:00 0 
7ff23d41d000-7ff23d51a000 rw-p 00000000 00:00 0 
7ff23d51a000-7ff23d800000 r--p 00000000 08:20 4917                       /usr/lib/locale/locale-archive
7ff23d800000-7ff23de80000 rw-p 00000000 00:00 0 
7ff23de80000-7ff23e000000 ---p 00000000 00:00 0 
7ff23e000000-7ff240000000 rw-p 00000000 00:00 0 
7ff240000000-7ff240021000 rw-p 00000000 00:00 0 
7ff240021000-7ff244000000 ---p 00000000 00:00 0 
7ff2440ae000-7ff2440b2000 r--p 00000000 08:20 101722                     /usr/lib/jvm/java-11-openjdk-amd64/lib/libnet.so
7ff2440b2000-7ff2440c0000 r-xp 00004000 08:20 101722                     /usr/lib/jvm/java-11-openjdk-amd64/lib/libnet.so
7ff2440c0000-7ff2440c4000 r--p 00012000 08:20 101722                     /usr/lib/jvm/java-11-openjdk-amd64/lib/libnet.so
7ff2440c4000-7ff2440c5000 r--p 00015000 08:20 101722                     /usr/lib/jvm/java-11-openjdk-amd64/lib/libnet.so
7ff2440c5000-7ff2440c6000 rw-p 00016000 08:20 101722                     /usr/lib/jvm/java-11-openjdk-amd64/lib/libnet.so
7ff2440c6000-7ff2440cd000 r--p 00000000 08:20 101733                     /usr/lib/jvm/java-11-openjdk-amd64/lib/libnio.so
7ff2440cd000-7ff2440d5000 r-xp 00007000 08:20 101733                     /usr/lib/jvm/java-11-openjdk-amd64/lib/libnio.so
7ff2440d5000-7ff2440d8000 r--p 0000f000 08:20 101733                     /usr/lib/jvm/java-11-openjdk-amd64/lib/libnio.so
7ff2440d8000-7ff2440d9000 r--p 00011000 08:20 101733                     /usr/lib/jvm/java-11-openjdk-amd64/lib/libnio.so
7ff2440d9000-7ff2440da000 rw-p 00012000 08:20 101733                     /usr/lib/jvm/java-11-openjdk-amd64/lib/libnio.so
7ff2440da000-7ff24410c000 r--p 00000000 08:20 21281                      /usr/lib/locale/C.UTF-8/LC_CTYPE
7ff24410c000-7ff24427f000 r--p 00000000 08:20 21280                      /usr/lib/locale/C.UTF-8/LC_COLLATE
7ff24427f000-7ff244283000 ---p 00000000 00:00 0 
7ff244283000-7ff244768000 rw-p 00000000 00:00 0 
7ff244768000-7ff2471b8000 ---p 00000000 00:00 0 
7ff2471b8000-7ff2471c0000 rw-p 00000000 00:00 0 
7ff2471c0000-7ff2481c0000 ---p 00000000 00:00 0 
7ff2481c0000-7ff2485a8000 rw-p 00000000 00:00 0 
7ff2485a8000-7ff24aff8000 ---p 00000000 00:00 0 
7ff24aff8000-7ff24b000000 rw-p 00000000 00:00 0 
7ff24b000000-7ff24c000000 ---p 00000000 00:00 0 
7ff24c000000-7ff24c021000 rw-p 00000000 00:00 0 
7ff24c021000-7ff250000000 ---p 00000000 00:00 0 
7ff25000b000-7ff25000f000 ---p 00000000 00:00 0 
7ff25000f000-7ff25010c000 rw-p 00000000 00:00 0 
7ff25010c000-7ff25010d000 ---p 00000000 00:00 0 
7ff25010d000-7ff2502ea000 rw-p 00000000 00:00 0 
7ff2502ea000-7ff2502eb000 ---p 00000000 00:00 0 
7ff2502eb000-7ff2503ec000 rw-p 00000000 00:00 0 
7ff2503ec000-7ff2503ed000 ---p 00000000 00:00 0 
7ff2503ed000-7ff2507f1000 rw-p 00000000 00:00 0 
7ff2507f1000-7ff250a61000 rwxp 00000000 00:00 0 
7ff250a61000-7ff250d82000 ---p 00000000 00:00 0 
7ff250d82000-7ff250ff2000 rwxp 00000000 00:00 0 
7ff250ff2000-7ff2582b9000 ---p 00000000 00:00 0 
7ff2582b9000-7ff258529000 rwxp 00000000 00:00 0 
7ff258529000-7ff25f7f1000 ---p 00000000 00:00 0 
7ff25f7f1000-7ff268000000 r--s 00000000 08:20 101915                     /usr/lib/jvm/java-11-openjdk-amd64/lib/modules
7ff268000000-7ff2684c0000 rw-p 00000000 00:00 0 
7ff2684c0000-7ff26c000000 ---p 00000000 00:00 0 
7ff26c00a000-7ff26c00b000 r--p 00000000 08:20 21287                      /usr/lib/locale/C.UTF-8/LC_NUMERIC
7ff26c00b000-7ff26c00c000 r--p 00000000 08:20 21290                      /usr/lib/locale/C.UTF-8/LC_TIME
7ff26c00c000-7ff26c00d000 r--p 00000000 08:20 21285                      /usr/lib/locale/C.UTF-8/LC_MONETARY
7ff26c00d000-7ff26c00e000 r--p 00000000 08:20 21284                      /usr/lib/locale/C.UTF-8/LC_MESSAGES/SYS_LC_MESSAGES
7ff26c00e000-7ff26c00f000 r--p 00000000 08:20 21288                      /usr/lib/locale/C.UTF-8/LC_PAPER
7ff26c00f000-7ff26c010000 r--p 00000000 08:20 21286                      /usr/lib/locale/C.UTF-8/LC_NAME
7ff26c010000-7ff26c011000 r--p 00000000 08:20 21279                      /usr/lib/locale/C.UTF-8/LC_ADDRESS
7ff26c011000-7ff26c012000 r--p 00000000 08:20 21289                      /usr/lib/locale/C.UTF-8/LC_TELEPHONE
7ff26c012000-7ff26c019000 r--s 00000000 08:20 41017                      /usr/lib/x86_64-linux-gnu/gconv/gconv-modules.cache
7ff26c019000-7ff26c720000 rw-p 00000000 00:00 0 
7ff26c720000-7ff26c721000 ---p 00000000 00:00 0 
7ff26c721000-7ff26c822000 rw-p 00000000 00:00 0 
7ff26c822000-7ff26c823000 ---p 00000000 00:00 0 
7ff26c823000-7ff26caa2000 rw-p 00000000 00:00 0 
7ff26caa2000-7ff26cfec000 ---p 00000000 00:00 0 
7ff26cfec000-7ff26cfed000 rw-p 00000000 00:00 0 
7ff26cfed000-7ff26d1ed000 ---p 00000000 00:00 0 
7ff26d1ed000-7ff26d26a000 rw-p 00000000 00:00 0 
7ff26d26a000-7ff26d7b4000 ---p 00000000 00:00 0 
7ff26d7b4000-7ff26d7b5000 rw-p 00000000 00:00 0 
7ff26d7b5000-7ff26d9b5000 ---p 00000000 00:00 0 
7ff26d9b5000-7ff26da32000 rw-p 00000000 00:00 0 
7ff26da32000-7ff26df7c000 ---p 00000000 00:00 0 
7ff26df7c000-7ff26df7d000 rw-p 00000000 00:00 0 
7ff26df7d000-7ff26e17d000 ---p 00000000 00:00 0 
7ff26e17d000-7ff26eb87000 rw-p 00000000 00:00 0 
7ff26eb87000-7ff26eb88000 ---p 00000000 00:00 0 
7ff26eb88000-7ff26ec8e000 rw-p 00000000 00:00 0 
7ff26ec8e000-7ff26ed74000 ---p 00000000 00:00 0 
7ff26ed74000-7ff26ed79000 rw-p 00000000 00:00 0 
7ff26ed79000-7ff26ee5f000 ---p 00000000 00:00 0 
7ff26ee5f000-7ff26ee64000 rw-p 00000000 00:00 0 
7ff26ee64000-7ff26ee6b000 ---p 00000000 00:00 0 
7ff26ee6b000-7ff26ee6e000 r--p 00000000 08:20 40747                      /usr/lib/x86_64-linux-gnu/libnss_files-2.31.so
7ff26ee6e000-7ff26ee75000 r-xp 00003000 08:20 40747                      /usr/lib/x86_64-linux-gnu/libnss_files-2.31.so
7ff26ee75000-7ff26ee77000 r--p 0000a000 08:20 40747                      /usr/lib/x86_64-linux-gnu/libnss_files-2.31.so
7ff26ee77000-7ff26ee78000 r--p 0000b000 08:20 40747                      /usr/lib/x86_64-linux-gnu/libnss_files-2.31.so
7ff26ee78000-7ff26ee79000 rw-p 0000c000 08:20 40747                      /usr/lib/x86_64-linux-gnu/libnss_files-2.31.so
7ff26ee79000-7ff26ee7f000 rw-p 00000000 00:00 0 
7ff26ee7f000-7ff26ee81000 r--p 00000000 08:20 101902                     /usr/lib/jvm/java-11-openjdk-amd64/lib/libzip.so
7ff26ee81000-7ff26ee86000 r-xp 00002000 08:20 101902                     /usr/lib/jvm/java-11-openjdk-amd64/lib/libzip.so
7ff26ee86000-7ff26ee88000 r--p 00007000 08:20 101902                     /usr/lib/jvm/java-11-openjdk-amd64/lib/libzip.so
7ff26ee88000-7ff26ee89000 r--p 00008000 08:20 101902                     /usr/lib/jvm/java-11-openjdk-amd64/lib/libzip.so
7ff26ee89000-7ff26ee8a000 rw-p 00009000 08:20 101902                     /usr/lib/jvm/java-11-openjdk-amd64/lib/libzip.so
7ff26ee8a000-7ff26ee92000 rw-s 00000000 08:20 114980                     /tmp/hsperfdata_james/341
7ff26ee92000-7ff26ee93000 ---p 00000000 00:00 0 
7ff26ee93000-7ff26ee94000 r--p 00000000 00:00 0 
7ff26ee94000-7ff26ee96000 r--p 00000000 08:20 101635                     /usr/lib/jvm/java-11-openjdk-amd64/lib/libjimage.so
7ff26ee96000-7ff26ee99000 r-xp 00002000 08:20 101635                     /usr/lib/jvm/java-11-openjdk-amd64/lib/libjimage.so
7ff26ee99000-7ff26ee9a000 r--p 00005000 08:20 101635                     /usr/lib/jvm/java-11-openjdk-amd64/lib/libjimage.so
7ff26ee9a000-7ff26ee9b000 ---p 00006000 08:20 101635                     /usr/lib/jvm/java-11-openjdk-amd64/lib/libjimage.so
7ff26ee9b000-7ff26ee9c000 r--p 00006000 08:20 101635                     /usr/lib/jvm/java-11-openjdk-amd64/lib/libjimage.so
7ff26ee9c000-7ff26ee9d000 rw-p 00007000 08:20 101635                     /usr/lib/jvm/java-11-openjdk-amd64/lib/libjimage.so
7ff26ee9d000-7ff26eeab000 r--p 00000000 08:20 101616                     /usr/lib/jvm/java-11-openjdk-amd64/lib/libjava.so
7ff26eeab000-7ff26eec1000 r-xp 0000e000 08:20 101616                     /usr/lib/jvm/java-11-openjdk-amd64/lib/libjava.so
7ff26eec1000-7ff26eec8000 r--p 00024000 08:20 101616                     /usr/lib/jvm/java-11-openjdk-amd64/lib/libjava.so
7ff26eec8000-7ff26eec9000 r--p 0002a000 08:20 101616                     /usr/lib/jvm/java-11-openjdk-amd64/lib/libjava.so
7ff26eec9000-7ff26eeca000 rw-p 0002b000 08:20 101616                     /usr/lib/jvm/java-11-openjdk-amd64/lib/libjava.so
7ff26eeca000-7ff26eecb000 rw-p 00000000 00:00 0 
7ff26eecb000-7ff26eecd000 r--p 00000000 08:20 40762                      /usr/lib/x86_64-linux-gnu/librt-2.31.so
7ff26eecd000-7ff26eed1000 r-xp 00002000 08:20 40762                      /usr/lib/x86_64-linux-gnu/librt-2.31.so
7ff26eed1000-7ff26eed3000 r--p 00006000 08:20 40762                      /usr/lib/x86_64-linux-gnu/librt-2.31.so
7ff26eed3000-7ff26eed4000 r--p 00007000 08:20 40762                      /usr/lib/x86_64-linux-gnu/librt-2.31.so
7ff26eed4000-7ff26eed5000 rw-p 00008000 08:20 40762                      /usr/lib/x86_64-linux-gnu/librt-2.31.so
7ff26eed5000-7ff26eed9000 ---p 00000000 00:00 0 
7ff26eed9000-7ff26efd6000 rw-p 00000000 00:00 0 
7ff26efd6000-7ff26efd9000 r--p 00000000 08:20 135097                     /usr/lib/x86_64-linux-gnu/libgcc_s.so.1
7ff26efd9000-7ff26efeb000 r-xp 00003000 08:20 135097                     /usr/lib/x86_64-linux-gnu/libgcc_s.so.1
7ff26efeb000-7ff26efee000 r--p 00015000 08:20 135097                     /usr/lib/x86_64-linux-gnu/libgcc_s.so.1
7ff26efee000-7ff26efef000 ---p 00018000 08:20 135097                     /usr/lib/x86_64-linux-gnu/libgcc_s.so.1
7ff26efef000-7ff26eff0000 r--p 00018000 08:20 135097                     /usr/lib/x86_64-linux-gnu/libgcc_s.so.1
7ff26eff0000-7ff26eff1000 rw-p 00019000 08:20 135097                     /usr/lib/x86_64-linux-gnu/libgcc_s.so.1
7ff26eff1000-7ff26effe000 r--p 00000000 08:20 40736                      /usr/lib/x86_64-linux-gnu/libm-2.31.so
7ff26effe000-7ff26f0a5000 r-xp 0000d000 08:20 40736                      /usr/lib/x86_64-linux-gnu/libm-2.31.so
7ff26f0a5000-7ff26f13e000 r--p 000b4000 08:20 40736                      /usr/lib/x86_64-linux-gnu/libm-2.31.so
7ff26f13e000-7ff26f13f000 r--p 0014c000 08:20 40736                      /usr/lib/x86_64-linux-gnu/libm-2.31.so
7ff26f13f000-7ff26f140000 rw-p 0014d000 08:20 40736                      /usr/lib/x86_64-linux-gnu/libm-2.31.so
7ff26f140000-7ff26f1d6000 r--p 00000000 08:20 11589                      /usr/lib/x86_64-linux-gnu/libstdc++.so.6.0.28
7ff26f1d6000-7ff26f2c7000 r-xp 00096000 08:20 11589                      /usr/lib/x86_64-linux-gnu/libstdc++.so.6.0.28
7ff26f2c7000-7ff26f310000 r--p 00187000 08:20 11589                      /usr/lib/x86_64-linux-gnu/libstdc++.so.6.0.28
7ff26f310000-7ff26f311000 ---p 001d0000 08:20 11589                      /usr/lib/x86_64-linux-gnu/libstdc++.so.6.0.28
7ff26f311000-7ff26f31c000 r--p 001d0000 08:20 11589                      /usr/lib/x86_64-linux-gnu/libstdc++.so.6.0.28
7ff26f31c000-7ff26f31f000 rw-p 001db000 08:20 11589                      /usr/lib/x86_64-linux-gnu/libstdc++.so.6.0.28
7ff26f31f000-7ff26f322000 rw-p 00000000 00:00 0 
7ff26f322000-7ff26f5a4000 r--p 00000000 08:20 101946                     /usr/lib/jvm/java-11-openjdk-amd64/lib/server/libjvm.so
7ff26f5a4000-7ff270235000 r-xp 00282000 08:20 101946                     /usr/lib/jvm/java-11-openjdk-amd64/lib/server/libjvm.so
7ff270235000-7ff270494000 r--p 00f13000 08:20 101946                     /usr/lib/jvm/java-11-openjdk-amd64/lib/server/libjvm.so
7ff270494000-7ff270558000 r--p 01171000 08:20 101946                     /usr/lib/jvm/java-11-openjdk-amd64/lib/server/libjvm.so
7ff270558000-7ff270593000 rw-p 01235000 08:20 101946                     /usr/lib/jvm/java-11-openjdk-amd64/lib/server/libjvm.so
7ff270593000-7ff2705ec000 rw-p 00000000 00:00 0 
7ff2705ec000-7ff27060e000 r--p 00000000 08:20 40730                      /usr/lib/x86_64-linux-gnu/libc-2.31.so
7ff27060e000-7ff270786000 r-xp 00022000 08:20 40730                      /usr/lib/x86_64-linux-gnu/libc-2.31.so
7ff270786000-7ff2707d4000 r--p 0019a000 08:20 40730                      /usr/lib/x86_64-linux-gnu/libc-2.31.so
7ff2707d4000-7ff2707d8000 r--p 001e7000 08:20 40730                      /usr/lib/x86_64-linux-gnu/libc-2.31.so
7ff2707d8000-7ff2707da000 rw-p 001eb000 08:20 40730                      /usr/lib/x86_64-linux-gnu/libc-2.31.so
7ff2707da000-7ff2707de000 rw-p 00000000 00:00 0 
7ff2707de000-7ff2707df000 r--p 00000000 08:20 40734                      /usr/lib/x86_64-linux-gnu/libdl-2.31.so
7ff2707df000-7ff2707e1000 r-xp 00001000 08:20 40734                      /usr/lib/x86_64-linux-gnu/libdl-2.31.so
7ff2707e1000-7ff2707e2000 r--p 00003000 08:20 40734                      /usr/lib/x86_64-linux-gnu/libdl-2.31.so
7ff2707e2000-7ff2707e3000 r--p 00003000 08:20 40734                      /usr/lib/x86_64-linux-gnu/libdl-2.31.so
7ff2707e3000-7ff2707e4000 rw-p 00004000 08:20 40734                      /usr/lib/x86_64-linux-gnu/libdl-2.31.so
7ff2707e4000-7ff2707e7000 r--p 00000000 08:20 101460                     /usr/lib/jvm/java-11-openjdk-amd64/lib/jli/libjli.so
7ff2707e7000-7ff2707f1000 r-xp 00003000 08:20 101460                     /usr/lib/jvm/java-11-openjdk-amd64/lib/jli/libjli.so
7ff2707f1000-7ff2707f4000 r--p 0000d000 08:20 101460                     /usr/lib/jvm/java-11-openjdk-amd64/lib/jli/libjli.so
7ff2707f4000-7ff2707f5000 ---p 00010000 08:20 101460                     /usr/lib/jvm/java-11-openjdk-amd64/lib/jli/libjli.so
7ff2707f5000-7ff2707f6000 r--p 00010000 08:20 101460                     /usr/lib/jvm/java-11-openjdk-amd64/lib/jli/libjli.so
7ff2707f6000-7ff2707f7000 rw-p 00011000 08:20 101460                     /usr/lib/jvm/java-11-openjdk-amd64/lib/jli/libjli.so
7ff2707f7000-7ff2707fd000 r--p 00000000 08:20 40760                      /usr/lib/x86_64-linux-gnu/libpthread-2.31.so
7ff2707fd000-7ff27080e000 r-xp 00006000 08:20 40760                      /usr/lib/x86_64-linux-gnu/libpthread-2.31.so
7ff27080e000-7ff270814000 r--p 00017000 08:20 40760                      /usr/lib/x86_64-linux-gnu/libpthread-2.31.so
7ff270814000-7ff270815000 r--p 0001c000 08:20 40760                      /usr/lib/x86_64-linux-gnu/libpthread-2.31.so
7ff270815000-7ff270816000 rw-p 0001d000 08:20 40760                      /usr/lib/x86_64-linux-gnu/libpthread-2.31.so
7ff270816000-7ff27081a000 rw-p 00000000 00:00 0 
7ff27081a000-7ff27081c000 r--p 00000000 08:20 28754                      /usr/lib/x86_64-linux-gnu/libz.so.1.2.11
7ff27081c000-7ff27082d000 r-xp 00002000 08:20 28754                      /usr/lib/x86_64-linux-gnu/libz.so.1.2.11
7ff27082d000-7ff270833000 r--p 00013000 08:20 28754                      /usr/lib/x86_64-linux-gnu/libz.so.1.2.11
7ff270833000-7ff270834000 ---p 00019000 08:20 28754                      /usr/lib/x86_64-linux-gnu/libz.so.1.2.11
7ff270834000-7ff270835000 r--p 00019000 08:20 28754                      /usr/lib/x86_64-linux-gnu/libz.so.1.2.11
7ff270835000-7ff270836000 rw-p 0001a000 08:20 28754                      /usr/lib/x86_64-linux-gnu/libz.so.1.2.11
7ff270836000-7ff270837000 r--p 00000000 08:20 21283                      /usr/lib/locale/C.UTF-8/LC_MEASUREMENT
7ff270837000-7ff27083c000 r--p 00000000 08:20 101881                     /usr/lib/jvm/java-11-openjdk-amd64/lib/libverify.so
7ff27083c000-7ff270843000 r-xp 00005000 08:20 101881                     /usr/lib/jvm/java-11-openjdk-amd64/lib/libverify.so
7ff270843000-7ff270845000 r--p 0000c000 08:20 101881                     /usr/lib/jvm/java-11-openjdk-amd64/lib/libverify.so
7ff270845000-7ff270846000 ---p 0000e000 08:20 101881                     /usr/lib/jvm/java-11-openjdk-amd64/lib/libverify.so
7ff270846000-7ff270848000 r--p 0000e000 08:20 101881                     /usr/lib/jvm/java-11-openjdk-amd64/lib/libverify.so
7ff270848000-7ff270849000 rw-p 00010000 08:20 101881                     /usr/lib/jvm/java-11-openjdk-amd64/lib/libverify.so
7ff270849000-7ff27084b000 rw-p 00000000 00:00 0 
7ff27084b000-7ff27084c000 r--p 00000000 08:20 40725                      /usr/lib/x86_64-linux-gnu/ld-2.31.so
7ff27084c000-7ff27086f000 r-xp 00001000 08:20 40725                      /usr/lib/x86_64-linux-gnu/ld-2.31.so
7ff27086f000-7ff270877000 r--p 00024000 08:20 40725                      /usr/lib/x86_64-linux-gnu/ld-2.31.so
7ff270877000-7ff270878000 r--p 00000000 08:20 21282                      /usr/lib/locale/C.UTF-8/LC_IDENTIFICATION
7ff270878000-7ff270879000 r--p 0002c000 08:20 40725                      /usr/lib/x86_64-linux-gnu/ld-2.31.so
7ff270879000-7ff27087a000 rw-p 0002d000 08:20 40725                      /usr/lib/x86_64-linux-gnu/ld-2.31.so
7ff27087a000-7ff27087b000 rw-p 00000000 00:00 0 
7ffc24981000-7ffc249a3000 rw-p 00000000 00:00 0                          [stack]
7ffc249bb000-7ffc249bf000 r--p 00000000 00:00 0                          [vvar]
7ffc249bf000-7ffc249c1000 r-xp 00000000 00:00 0                          [vdso]


VM Arguments:
jvm_args: -Dfile.encoding=utf8 
java_command: /home/james/.vscode-server/extensions/vscjava.vscode-gradle-3.13.0/lib/gradle-language-server.jar
java_class_path (initial): /home/james/.vscode-server/extensions/vscjava.vscode-gradle-3.13.0/lib/gradle-language-server.jar
Launcher Type: SUN_STANDARD

[Global flags]
     intx CICompilerCount                          = 4                                         {product} {ergonomic}
     uint ConcGCThreads                            = 3                                         {product} {ergonomic}
     uint G1ConcRefinementThreads                  = 10                                        {product} {ergonomic}
   size_t G1HeapRegionSize                         = 1048576                                   {product} {ergonomic}
    uintx GCDrainStackTargetSize                   = 64                                        {product} {ergonomic}
   size_t InitialHeapSize                          = 262144000                                 {product} {ergonomic}
   size_t MarkStackSize                            = 4194304                                   {product} {ergonomic}
   size_t MaxHeapSize                              = 4177526784                                {product} {ergonomic}
   size_t MaxNewSize                               = 2506096640                                {product} {ergonomic}
   size_t MinHeapDeltaBytes                        = 1048576                                   {product} {ergonomic}
    uintx NonNMethodCodeHeapSize                   = 5836300                                {pd product} {ergonomic}
    uintx NonProfiledCodeHeapSize                  = 122910970                              {pd product} {ergonomic}
    uintx ProfiledCodeHeapSize                     = 122910970                              {pd product} {ergonomic}
    uintx ReservedCodeCacheSize                    = 251658240                              {pd product} {ergonomic}
     bool SegmentedCodeCache                       = true                                      {product} {ergonomic}
     bool UseCompressedClassPointers               = true                                 {lp64_product} {ergonomic}
     bool UseCompressedOops                        = true                                 {lp64_product} {ergonomic}
     bool UseG1GC                                  = true                                      {product} {ergonomic}

Logging:
Log output configuration:
 #0: stdout all=warning uptime,level,tags
 #1: stderr all=off uptime,level,tags

Environment Variables:
PATH=/home/james/.vscode-server/bin/f1b07bd25dfad64b0167beb15359ae573aecd2cc/bin/remote-cli:/home/james/.local/bin:/home/james/bin:/home/james/.sdkman/candidates/gradle/current/bin:/usr/local/sbin:/usr/local/bin:/usr/sbin:/usr/bin:/sbin:/bin:/usr/games:/usr/local/games:/usr/lib/wsl/lib:/mnt/c/Program Files/WindowsApps/CanonicalGroupLimited.Ubuntu20.04onWindows_2004.2022.8.0_x64__79rhkp1fndgsc:/mnt/c/Program Files (x86)/NVIDIA Corporation/PhysX/Common:/mnt/c/Program Files/AdoptOpenJDK/jdk-11.0.11.9-hotspot/bin:/mnt/c/Program Files (x86)/Common Files/Oracle/Java/javapath:/mnt/c/Windows/system32:/mnt/c/Windows:/mnt/c/Windows/System32/Wbem:/mnt/c/Windows/System32/WindowsPowerShell/v1.0/:/mnt/c/Windows/System32/OpenSSH/:/mnt/c/msys64/mingw64/bin:/mnt/c/Program Files/dotnet/:/mnt/c/ProgramData/chocolatey/bin:/mnt/c/Windows/Microsoft.NET/Framework/v4.0.30319:/mnt/c/Program Files/PuTTY/:/mnt/c/Program Files/Microsoft SQL Server/150/Tools/Binn/:/mnt/c/Program Files/Microsoft SQL Server/Client SDK/ODBC/170/Tools/Binn/:/mnt/c/Program Files/nodejs/:/mnt/c/Program Files/Git/cmd:/mnt/c/MinGW/bin:/mnt/c/Users/James/AppData/Local/Microsoft/WindowsApps:/mnt/c/Users/James/AppData/Local/Programs/Microsoft VS Code/bin:/mnt/c/Users/James/.dotnet/tools:/mnt/c/Users/James/AppData/Local/GitHubDesktop/bin:/mnt/c/Users/James/AppData/Roaming/npm:/snap/bin
SHELL=/bin/bash
DISPLAY=:0
HOSTTYPE=x86_64
LANG=C.UTF-8
TERM=xterm-256color

Signal Handlers:
SIGSEGV: [libjvm.so+0xea02e0], sa_mask[0]=11111111011111111101111111111110, sa_flags=SA_RESTART|SA_SIGINFO
SIGBUS: [libjvm.so+0xea02e0], sa_mask[0]=11111111011111111101111111111110, sa_flags=SA_RESTART|SA_SIGINFO
SIGFPE: [libjvm.so+0xea02e0], sa_mask[0]=11111111011111111101111111111110, sa_flags=SA_RESTART|SA_SIGINFO
SIGPIPE: [libjvm.so+0xbe5be0], sa_mask[0]=11111111011111111101111111111110, sa_flags=SA_RESTART|SA_SIGINFO
SIGXFSZ: [libjvm.so+0xbe5be0], sa_mask[0]=11111111011111111101111111111110, sa_flags=SA_RESTART|SA_SIGINFO
SIGILL: [libjvm.so+0xea02e0], sa_mask[0]=11111111011111111101111111111110, sa_flags=SA_RESTART|SA_SIGINFO
SIGUSR2: [libjvm.so+0xbe5a80], sa_mask[0]=00000000000000000000000000000000, sa_flags=SA_RESTART|SA_SIGINFO
SIGHUP: [libjvm.so+0xbe6130], sa_mask[0]=11111111011111111101111111111110, sa_flags=SA_RESTART|SA_SIGINFO
SIGINT: [libjvm.so+0xbe6130], sa_mask[0]=11111111011111111101111111111110, sa_flags=SA_RESTART|SA_SIGINFO
SIGTERM: [libjvm.so+0xbe6130], sa_mask[0]=11111111011111111101111111111110, sa_flags=SA_RESTART|SA_SIGINFO
SIGQUIT: [libjvm.so+0xbe6130], sa_mask[0]=11111111011111111101111111111110, sa_flags=SA_RESTART|SA_SIGINFO


---------------  S Y S T E M  ---------------

OS:DISTRIB_ID=Ubuntu
DISTRIB_RELEASE=20.04
DISTRIB_CODENAME=focal
DISTRIB_DESCRIPTION="Ubuntu 20.04.5 LTS"
uname:Linux 5.15.90.1-microsoft-standard-WSL2 #1 SMP Fri Jan 27 02:56:13 UTC 2023 x86_64
OS uptime: 0 days 0:00 hours
libc:glibc 2.31 NPTL 2.31 
rlimit (soft/hard): STACK 8192k/infinity , CORE 0k/infinity , NPROC 63699/63699 , NOFILE 1048576/1048576 , AS infinity/infinity , CPU infinity/infinity , DATA infinity/infinity , FSIZE infinity/infinity , MEMLOCK 65536k/65536k
load average:1.31 0.31 0.10

/proc/meminfo:
MemTotal:       16313448 kB
MemFree:        12884028 kB
MemAvailable:   13404428 kB
Buffers:          243920 kB
Cached:           508932 kB
SwapCached:            0 kB
Active:           404336 kB
Inactive:        2651016 kB
Active(anon):       1916 kB
Inactive(anon):  2302884 kB
Active(file):     402420 kB
Inactive(file):   348132 kB
Unevictable:           0 kB
Mlocked:               0 kB
SwapTotal:       4194304 kB
SwapFree:        4194304 kB
Dirty:               792 kB
Writeback:            16 kB
AnonPages:       2299536 kB
Mapped:           265068 kB
Shmem:              2300 kB
KReclaimable:      36364 kB
Slab:              91628 kB
SReclaimable:      36364 kB
SUnreclaim:        55264 kB
KernelStack:        9084 kB
PageTables:        19812 kB
NFS_Unstable:          0 kB
Bounce:                0 kB
WritebackTmp:          0 kB
CommitLimit:    12351028 kB
Committed_AS:    3467636 kB
VmallocTotal:   34359738367 kB
VmallocUsed:       29700 kB
VmallocChunk:          0 kB
Percpu:             4352 kB
AnonHugePages:    944128 kB
ShmemHugePages:        0 kB
ShmemPmdMapped:        0 kB
FileHugePages:         0 kB
FilePmdMapped:         0 kB
HugePages_Total:       0
HugePages_Free:        0
HugePages_Rsvd:        0
HugePages_Surp:        0
Hugepagesize:       2048 kB
Hugetlb:               0 kB
DirectMap4k:       19456 kB
DirectMap2M:     4106240 kB
DirectMap1G:    22020096 kB

/sys/kernel/mm/transparent_hugepage/enabled:
[always] madvise never
/sys/kernel/mm/transparent_hugepage/defrag (defrag/compaction efforts parameter):
always defer defer+madvise [madvise] never

Process Memory:
Virtual Size: 6969968K (peak: 15594408K)
Resident Set Size: 77248K (peak: 77412K) (anon: 49564K, file: 27684K, shmem: 0K)
Swapped out: 0K
C-Heap outstanding allocations: 27159K, retained: 5920K
glibc malloc tunables: (default)

/proc/sys/kernel/threads-max (system-wide limit on the number of threads):
127398
/proc/sys/vm/max_map_count (maximum number of memory map areas a process may have):
65530
/proc/sys/kernel/pid_max (system-wide limit on number of process identifiers):
32768

container (cgroup) information:
container_type: cgroupv1
cpu_cpuset_cpus: 0-11
cpu_memory_nodes: 0
active_processor_count: 12
cpu_quota: no quota
cpu_period: 100000
cpu_shares: no shares
memory_limit_in_bytes: unlimited
memory_and_swap_limit_in_bytes: unlimited
memory_soft_limit_in_bytes: unlimited
memory_usage_in_bytes: 3054096 k
memory_max_usage_in_bytes: unlimited
kernel_memory_usage_in_bytes: unlimited
kernel_memory_max_usage_in_bytes: unlimited
kernel_memory_limit_in_bytes: unlimited
maximum number of tasks: not supported
current number of tasks: not supported

Hyper-V virtualization detected
Steal ticks since vm start: 0
Steal ticks percentage since vm start:  0.000

CPU:total 12 (initial active 12) (8 cores per cpu, 2 threads per core) family 6 model 167 stepping 1 microcode 0xffffffff, cmov, cx8, fxsr, mmx, sse, sse2, sse3, ssse3, sse4.1, sse4.2, popcnt, avx, avx2, aes, clmul, erms, 3dnowpref, lzcnt, ht, tsc, tscinvbit, bmi1, bmi2, adx, evex, sha, fma
CPU Model and flags from /proc/cpuinfo:
model name	: 11th Gen Intel(R) Core(TM) i5-11400 @ 2.60GHz
flags		: fpu vme de pse tsc msr pae mce cx8 apic sep mtrr pge mca cmov pat pse36 clflush mmx fxsr sse sse2 ss ht syscall nx pdpe1gb rdtscp lm constant_tsc arch_perfmon rep_good nopl xtopology tsc_reliable nonstop_tsc cpuid pni pclmulqdq ssse3 fma cx16 pdcm pcid sse4_1 sse4_2 movbe popcnt aes xsave avx f16c rdrand hypervisor lahf_lm abm 3dnowprefetch invpcid_single ssbd ibrs ibpb stibp ibrs_enhanced fsgsbase bmi1 avx2 smep bmi2 erms invpcid avx512f avx512dq rdseed adx smap avx512ifma clflushopt avx512cd sha_ni avx512bw avx512vl xsaveopt xsavec xgetbv1 xsaves avx512vbmi umip avx512_vbmi2 gfni vaes vpclmulqdq avx512_vnni avx512_bitalg avx512_vpopcntdq rdpid fsrm flush_l1d arch_capabilities
Online cpus:
0-11
Offline cpus:

BIOS frequency limitation:
<Not Available>
Frequency switch latency (ns):
<Not Available>
Available cpu frequencies:
<Not Available>
Current governor:
<Not Available>
Core performance/turbo boost:
<Not Available>

Memory: 4k page, physical 16313448k(12884028k free), swap 4194304k(4194304k free)

vm_info: OpenJDK 64-Bit Server VM (11.0.20.1+1-post-Ubuntu-0ubuntu120.04) for linux-amd64 JRE (11.0.20.1+1-post-Ubuntu-0ubuntu120.04), built on Aug 24 2023 23:12:13 by "unknown" with gcc 9.4.0

END.
